10
0
impl sfjcbfgb 73
impl sfcgbefc 16
impl sihhgdac 36
impl sejghheb 94
1
impl sjgdedid 28
impl sehegfah 55
impl sggjdheh 46
impl sfcgbefc 29
2
impl sbhgaedg 36
impl shdifbbb 44
impl sgggbghi 43
impl scbegbgd 77
impl sjffcgih 2
3
impl sdfgghd 3
impl sgijgcjc 7
impl sbbaddga 48
impl sgegjbfc 63
4
impl sgbhihid 97
impl sdhgfhh 70
impl shgbjchj 52
5
impl sbfefbci 88
impl sddgdhbb 87
impl sbfhejfa 79
impl sgbiafae 64
6
impl sbbjafgj 28
impl sgdaigdi 71
impl sjaeghif 10
7
impl shagdcjf 61
impl scbbcfj 73
impl scfdeeji 31
8
impl shjhcfe 94
impl shdicbjb 74
impl shgedegh 11
impl shfffagi 87
9
impl sbjbfec 5
impl sbfdibja 7
impl sbgbdffj 94
