1000
0
wait 1
impl sijhace 0
impl sdfgfi 1
1
impl sehgcgbf 1
impl sieeaadc 2
impl sjcjacca 0
2
impl sehgcgbf 2
impl sdehgjae 3
impl shgdijgd 3
3
wait 1
impl sijhace 1
impl sijgbefe 2
4
wait 1
impl sijhace 2
impl sdfgfi 0
5
impl sbceeadd 0
impl seajffgj 3
impl shbbbej 4
6
impl sbceeadd 1
impl shhgdhig 0
impl scddfbe 2
7
impl sbceeadd 2
impl sjgbhhgg 3
impl sdbafdfj 1
8
impl sbceeadd 3
impl sdehgjae 0
impl sjdbiafi 0
9
impl sbceeadd 4
impl sjgbhhgg 4
impl sijgbefe 0
10
impl sfghfaha 0
impl sjhcbiej 2
impl sghhbeaf 4
11
impl sfghfaha 1
impl shhgdhig 4
impl scaiafej 3
12
impl sfghfaha 2
impl sdehgjae 1
13
impl sfghfaha 3
impl sdehgjae 4
impl scddfbe 3
14
impl sfghfaha 4
wait 1
impl seajffgj 0
impl sdaajbh 3
15
impl sdehdbdg 0
impl shhgdhig 1
impl sjdbiafi 1
16
impl sdehdbdg 1
impl sfgbgdfe 2
impl shcgeicf 0
17
impl sdehdbdg 2
impl seajffgj 1
impl shbccach 2
18
impl sdehdbdg 3
impl seajffgj 4
impl shbbbej 2
19
impl sdehdbdg 4
impl seajffgj 2
impl sdaajbh 0
20
impl sjaabghi 0
impl sieeaadc 0
impl shbbbej 0
21
impl sjaabghi 1
impl siehdfga 1
impl sidfeeah 0
22
impl sjaabghi 2
impl sjhcbiej 0
impl shbccach 0
23
impl sjaabghi 3
impl sjhcbiej 3
impl sfidcaee 4
24
impl sjaabghi 4
impl sjhcbiej 1
impl shcgeicf 4
25
impl sfgdhdjf 0
impl sieeaadc 3
impl sjcjacca 1
26
impl sfgdhdjf 1
impl siehdfga 4
impl shbbbej 3
27
impl sfgdhdjf 2
impl sjhcbiej 4
impl sfjjggia 3
28
impl sfgdhdjf 3
impl sbcdbbdb 3
impl sidfeeah 3
29
impl sfgdhdjf 4
impl sbcdbbdb 0
impl shcgeicf 1
30
impl sfbaafg 0
impl sieeaadc 4
impl sggbfhae 0
31
impl sfbaafg 1
impl sigbadhb 0
impl sjcjacca 4
32
impl sfbaafg 2
impl sbcdbbdb 1
impl sjhcgibj 1
33
impl sfbaafg 3
impl sbcdbbdb 4
impl shbccach 3
34
impl sfbaafg 4
impl sbcdbbdb 2
impl sidfeeah 4
35
impl sfghejia 0
impl siehdfga 2
impl sdaajbh 4
36
impl sfghejia 1
impl sjgechfg 3
impl shbgbgdf 4
37
impl sfghejia 2
impl shhgdhig 2
impl sicahebi 1
38
impl sfghejia 3
impl sieeaadc 1
impl sfjjggia 1
39
impl sfghejia 4
impl shhgdhig 3
impl sjhcgibj 2
40
impl sbhhjabj 0
impl sjgechfg 4
impl shcgeicf 2
41
impl sbhhjabj 1
impl shhjbbaj 0
impl shbccach 4
42
impl sbhhjabj 2
impl sfgbgdfe 3
impl shcgeicf 3
43
impl sbhhjabj 3
impl siehdfga 3
impl sfjjggia 0
44
impl sbhhjabj 4
impl sfgbgdfe 4
impl sidfeeah 1
45
impl sfcjcbjg 0
impl sigbadhb 3
impl sjcjacca 3
46
impl sfcjcbjg 1
impl siddbedb 3
impl sfjjggia 4
47
impl sfcjcbjg 2
impl sfgbgdfe 0
impl shbgbgdf 2
48
impl sfcjcbjg 3
impl siehdfga 0
impl sfidcaee 0
49
impl sfcjcbjg 4
impl sfgbgdfe 1
impl sicahebi 4
50
impl shgjjhdg 0
impl shhjbbaj 4
impl sfidcaee 2
51
impl shgjjhdg 1
impl sddjbeih 3
impl scaiafej 1
52
impl shgjjhdg 2
impl sccebeib 0
impl shbccach 1
53
impl shgjjhdg 3
impl siddbedb 0
impl sfidcaee 3
54
wait 1
impl sijhace 3
impl sbbjjehf 2
55
impl sgcggeji 0
impl shhjbbaj 1
impl shbgbgdf 0
56
impl sgcggeji 1
impl sbfdchdh 4
impl siegegeh 3
57
impl sgcggeji 2
impl sigbadhb 4
impl sggbfhae 3
58
impl sgcggeji 3
impl sccebeib 1
impl shbgbgdf 1
59
impl sgcggeji 4
impl sigbadhb 1
impl sdaajbh 1
60
impl sfhbdhbc 0
impl sbfdchdh 0
impl scddfbe 0
61
impl sfhbdhbc 1
impl sddjbeih 4
impl shbgbgdf 3
62
impl sfhbdhbc 2
impl sccebeib 2
impl sghhbeaf 0
63
impl sfhbdhbc 3
impl siddbedb 1
impl sidfeeah 2
64
impl sfhbdhbc 4
impl sjgechfg 0
impl scaiafej 4
65
impl sigcjei 0
impl shhjbbaj 2
impl sghhbeaf 1
66
impl sigcjei 1
impl sddjbeih 0
impl scddfbe 1
67
impl sigcjei 2
impl sjgechfg 1
impl scddfbe 4
68
impl sigcjei 3
impl sccebeib 3
impl sghhbeaf 2
69
impl sigcjei 4
impl sigbadhb 2
impl sjcjacca 2
70
impl sejifjed 0
impl sjjbecde 0
impl sbbdeiae 4
71
impl sejifjed 1
impl shjadajc 0
impl sgeccffj 4
72
impl sejifjed 2
impl shhjbbaj 3
impl sghhbeaf 3
73
impl sejifjed 3
impl sbfdchdh 1
impl sgdfhddf 0
74
impl sejifjed 4
impl siddbedb 4
impl sdaajbh 2
75
impl sjfcfjfi 0
impl sbfdchdh 2
impl sjhcgibj 3
76
impl sjfcfjfi 1
impl sjjbecde 1
77
impl sjfcfjfi 2
impl sccebeib 4
impl sfidcaee 1
78
impl sjfcfjfi 3
impl siddbedb 2
impl sfjjggia 2
79
impl sjfcfjfi 4
impl sjgechfg 2
impl scaiafej 0
80
wait 1
impl sijhace 4
impl sfbefbgj 2
81
impl sigdhfed 1
impl sdbidffc 3
82
impl sigdhfed 2
impl sfeachii 3
impl shgdijgd 4
83
impl sigdhfed 3
impl sfabcdgh 0
84
wait 1
impl sceiheaa 0
impl sdbfabag 2
85
impl sjdigjci 0
impl shjadajc 1
86
impl sjdigjci 1
impl seahaiii 1
87
impl sjdigjci 2
impl sjjbecde 2
impl sbbdeiae 1
88
impl sjdigjci 3
impl shgbiiif 1
89
impl sjdigjci 4
impl sbfdchdh 3
impl sicahebi 2
90
impl seiaddce 0
impl sbjdfiid 0
impl sgeccffj 0
91
impl seiaddce 1
impl sfeachii 4
impl sdgggefc 3
92
impl seiaddce 2
impl shgbiiif 4
impl sdgggefc 4
93
impl seiaddce 3
impl shjadajc 2
impl sbhiijcb 0
94
impl seiaddce 4
impl sjjbecde 3
impl sbbdeiae 2
95
impl sdcdgicb 0
impl sciicgbc 2
impl siegegeh 0
96
impl sdcdgicb 1
impl seahaiii 3
97
impl sdcdgicb 2
impl shgbiiif 2
impl sbhiijcb 3
98
impl sdcdgicb 3
wait 1
impl shjadajc 3
impl sbhiijcb 4
99
impl sdcdgicb 4
impl sddjbeih 1
impl sgdfhddf 1
100
impl siihfeig 0
impl seahaiii 2
101
impl siihfeig 1
impl sfabcdgh 2
102
impl siihfeig 2
impl sciicgbc 3
impl siegegeh 4
103
impl siihfeig 3
impl sbjdfiid 1
impl sjjdbia 0
104
impl siihfeig 4
impl sjfhdffg 1
105
impl sdhiegib 0
impl sbjdfiid 2
impl sdgggefc 0
106
impl sdhiegib 1
impl sccacdgh 0
impl sbbdeiae 3
107
impl sdhiegib 2
wait 1
impl shjadajc 4
impl sdgggefc 1
108
impl sdhiegib 3
impl sciicgbc 0
impl sjhcgibj 4
109
impl sdhiegib 4
impl sjjbecde 4
impl sjdbiafi 2
110
impl sffeacgd 0
impl sciicgbc 4
impl scaiafej 2
111
impl sffeacgd 1
impl seahaiii 4
112
impl sffeacgd 2
impl shgbiiif 3
impl shgdijgd 0
113
impl sffeacgd 3
impl sjfhdffg 3
114
impl sffeacgd 4
impl sddjbeih 2
impl sicahebi 0
115
impl shieigeb 0
impl sfabcdgh 3
116
impl shieigeb 1
impl shahbbdg 1
117
impl shieigeb 2
impl sfeachii 0
impl sgdfhddf 2
118
impl shieigeb 3
impl sccacdgh 1
119
impl shieigeb 4
impl sbjdfiid 4
impl sdgggefc 2
120
impl sfeajfh 0
impl sbjdfiid 3
impl sbhiijcb 1
121
impl sfeajfh 1
impl sccacdgh 2
impl sjdbiafi 3
122
impl sfeajfh 2
impl sjfhdffg 4
123
impl sfeajfh 3
impl sciicgbc 1
impl shgdijgd 1
124
impl sfeajfh 4
impl shgbiiif 0
impl sgeccffj 1
125
impl shdchcae 0
impl sddbdhjj 2
126
impl shdchcae 1
impl siidedde 0
127
impl shdchcae 2
impl sfabcdgh 4
128
impl shdchcae 3
impl scbjchic 3
129
impl shdchcae 4
impl sccacdgh 3
impl sbbdeiae 0
130
impl sddfeidi 0
impl sgfcfdbh 0
131
impl sddfeidi 1
impl sddccjjj 4
132
impl sddfeidi 2
impl siidedde 1
133
wait 1
impl sceiheaa 1
impl sciejhhg 2
134
impl sddfeidi 4
impl sdbidffc 4
135
impl sedabjbc 0
impl scbjchic 0
136
impl sedabjbc 1
impl shahbbdg 2
impl sgeccffj 2
137
impl sedabjbc 2
impl sfeachii 1
138
impl sedabjbc 3
impl sfeachii 2
impl sbhiijcb 2
139
impl sedabjbc 4
impl seahaiii 0
140
impl seifajea 0
impl sddbdhjj 3
141
impl seifajea 1
impl siidedde 2
142
impl seifajea 2
impl scbjchic 1
143
impl seifajea 3
impl scbjchic 2
144
impl seifajea 4
impl sccacdgh 4
impl sgdfhddf 3
145
impl shghhgci 0
impl siidedde 3
146
impl shghhgci 1
impl sefehgab 0
147
impl shghhgci 2
impl shahbbdg 3
impl sgdfhddf 4
148
impl shghhgci 3
impl shahbbdg 4
impl shgdijgd 2
149
impl shghhgci 4
impl sddbdhjj 1
150
impl sbjecigf 0
impl sdbidffc 0
151
impl sbjecigf 1
impl sfdjfei 3
152
impl sbjecigf 2
impl scbjchic 4
153
impl sbjecigf 3
impl sddbdhjj 0
154
impl sbjecigf 4
impl sfabcdgh 1
155
impl scddgef 0
impl sfdjfei 4
156
impl scddgef 1
impl sefehgab 2
157
impl scddgef 2
impl sicfbcdf 0
impl sicahebi 3
158
impl scddgef 3
impl sicfbcdf 1
impl sgeccffj 3
159
impl scddgef 4
impl sddbdhjj 4
160
impl siifjiah 0
impl sedggfde 0
161
impl siifjiah 1
impl sefehgab 3
162
impl siifjiah 2
impl sicfbcdf 2
impl siegegeh 1
163
impl siifjiah 3
impl sicfbcdf 3
impl sjhcgibj 0
164
impl siifjiah 4
impl shahbbdg 0
impl sjdbiafi 4
165
impl sdigeegj 0
impl sedggfde 2
166
impl sdigeegj 1
impl sefehgab 4
167
impl sdigeegj 2
impl sjgggegd 1
168
impl sdigeegj 3
impl sjgggegd 2
169
impl sdigeegj 4
impl sdbidffc 1
170
impl sbiceebf 0
impl sgfcfdbh 1
171
impl sbiceebf 1
impl sifjfaid 0
172
impl sbiceebf 2
impl siidedde 4
173
impl sbiceebf 3
impl sfdjfei 0
174
impl sbiceebf 4
impl sicfbcdf 4
impl siegegeh 2
175
impl sbjijgge 0
impl sddccjjj 0
176
impl sbjijgge 1
impl sbdbghg 1
177
impl sbjijgge 2
impl sgfcfdbh 2
178
impl sbjijgge 3
impl sgfcfdbh 3
179
impl sbjijgge 4
impl sedggfde 1
180
impl sfibhai 0
impl sedggfde 3
181
impl sfibhai 1
impl sddccjjj 1
182
impl sfibhai 2
impl sjgggegd 3
183
impl sfibhai 3
impl sjgggegd 4
184
impl sfibhai 4
impl sdbidffc 2
185
impl sbhejgje 0
impl sifjfaid 1
186
impl sbhejgje 1
impl sbdbghg 4
187
wait 1
impl sceiheaa 2
impl shbhjcgh 4
188
wait 1
impl sceiheaa 3
impl shbhjcgh 0
189
impl sbhejgje 4
impl sedggfde 4
190
wait 1
impl sceiheaa 4
impl scaedegf 2
191
impl sbfigeih 1
impl sgbaebfg 4
192
impl sbfigeih 2
impl sejbcdia 3
193
impl sbfigeih 3
impl sejbcdia 4
194
wait 1
impl sgbdjjih 0
impl sdbafdfj 4
195
impl sjdbbdeh 0
impl sjiebjge 0
196
impl sjdbbdeh 1
impl sjihfgec 0
197
impl sjdbbdeh 2
impl sbdbghg 2
198
impl sjdbbdeh 3
impl sbdbghg 3
199
impl sjdbbdeh 4
impl sifjfaid 3
200
impl sgdebiii 0
impl sgfcfdbh 4
201
impl sgdebiii 1
impl sifjfaid 4
202
impl sgdebiii 2
impl sfdjfei 1
203
impl sgdebiii 3
impl sfdjfei 2
204
impl sgdebiii 4
impl sjgggegd 0
205
impl sfgghdf 0
impl sehchcje 0
206
impl sfgghdf 1
impl sjihfgec 2
207
impl sfgghdf 2
impl sdddcjbj 0
208
impl sfgghdf 3
impl sdddcjbj 1
209
impl sfgghdf 4
impl sjafafhh 0
210
impl sjbgjgb 0
impl sjafafhh 1
211
impl sjbgjgb 1
impl sehchcje 1
212
impl sjbgjgb 2
impl sddccjjj 2
213
impl sjbgjgb 3
impl sddccjjj 3
214
impl sjbgjgb 4
impl sefehgab 1
215
impl sidhiie 0
impl sehchcje 2
216
impl sidhiie 1
impl sjihfgec 3
217
impl sidhiie 2
impl sdddcjbj 2
218
impl sidhiie 3
impl sdddcjbj 3
219
impl sidhiie 4
impl sjafafhh 2
220
impl seheabbi 0
impl sehchcje 3
221
impl seheabbi 1
impl sjihfgec 4
222
impl seheabbi 2
impl sdddcjbj 4
223
impl seheabbi 3
impl seahdgib 0
224
impl seheabbi 4
impl sjafafhh 3
225
impl sgjjccjh 0
impl seeddhge 0
226
impl sgjjccjh 1
impl sbfeejgb 1
227
impl sgjjccjh 2
impl sbhgcchg 1
228
impl sgjjccjh 3
impl sbhgcchg 2
229
impl sgjjccjh 4
impl sehchcje 4
230
impl sdfebhdh 0
impl seahdgib 3
231
impl sdfebhdh 1
impl sbicdfag 1
232
impl sdfebhdh 2
impl sjafafhh 4
233
impl sdfebhdh 3
impl sbdbghg 0
234
impl sdfebhdh 4
impl sifjfaid 2
235
impl sgfabdbd 0
impl segcdfdj 4
236
impl sgfabdbd 1
impl sjdafeab 1
237
impl sgfabdbd 2
impl seeddhge 1
238
impl sgfabdbd 3
impl seeddhge 2
239
impl sgfabdbd 4
impl sbicdfag 2
240
impl scbbeaij 0
impl seeddhge 3
241
impl scbbeaij 1
impl sbfeejgb 2
242
impl scbbeaij 2
impl sbhgcchg 3
243
impl scbbeaij 3
impl sbhgcchg 4
244
impl scbbeaij 4
impl sejbcdia 0
245
impl sgeigidf 0
impl sgbaebfg 0
246
impl sgeigidf 1
impl sjdafeab 2
247
impl sgeigidf 2
impl seeddhge 4
248
impl sgeigidf 3
impl sdjfaebg 0
249
impl sgeigidf 4
impl sbicdfag 3
250
wait 1
impl sgbdjjih 1
impl sggbfhae 4
251
impl scehaiha 1
impl sigiifce 0
252
impl scehaiha 2
impl sjiebjge 1
253
impl scehaiha 3
impl sjiebjge 2
254
impl scehaiha 4
impl seahdgib 1
255
impl sebjegeh 0
impl sjccfcec 0
256
impl sebjegeh 1
impl sggahbia 4
257
impl sebjegeh 2
impl sigiifce 1
258
impl sebjegeh 3
impl sigiifce 2
259
impl sebjegeh 4
impl sdjfaebg 1
260
impl sbjjceha 0
impl sjccfcec 1
261
impl sbjjceha 1
impl shaiafid 0
262
impl sbjjceha 2
impl sigiifce 3
263
impl sbjjceha 3
impl sigiifce 4
264
impl sbjjceha 4
impl sdjfaebg 2
265
impl shffaaha 0
impl scbdaie 0
266
impl shffaaha 1
impl shfijii 3
267
impl shffaaha 2
impl sjccfcec 2
268
impl shffaaha 3
impl sjccfcec 3
269
impl shffaaha 4
impl segcdfdj 0
270
impl sbbdfgic 0
impl sbhgcchg 0
271
impl sbbdfgic 1
impl segcdfdj 1
272
impl sbbdfgic 2
impl sjiebjge 3
273
impl sbbdfgic 3
impl sjiebjge 4
274
impl sbbdfgic 4
impl seahdgib 2
275
impl sjjcfhdb 0
wait 2
impl sjihfgec 1
276
impl sjjcfhdb 1
impl sgbaebfg 1
277
impl sjjcfhdb 2
impl sejbcdia 1
278
impl sjjcfhdb 3
impl sejbcdia 2
279
impl sjjcfhdb 4
impl seahdgib 4
280
impl sbhihdea 0
impl sjccfcec 4
281
impl sbhihdea 1
impl shaiafid 1
282
impl sbhihdea 2
impl segcdfdj 2
283
impl sbhihdea 3
impl segcdfdj 3
284
impl sbhihdea 4
impl sdjfaebg 3
285
impl sbahbcgf 0
impl sbfeejgb 3
286
impl sbahbcgf 1
impl siefbhb 3
287
impl sbahbcgf 2
impl sgbaebfg 2
288
impl sbahbcgf 3
impl sgbaebfg 3
289
impl sbahbcgf 4
impl sdjfaebg 4
290
impl shfgfgfc 0
impl sfgfajb 0
291
impl shfgfgfc 1
impl sgfcbdcc 0
292
impl shfgfgfc 2
impl scghcdeg 4
293
impl shfgfgfc 3
wait 1
impl secdjgaj 0
294
impl shfgfgfc 4
impl siefbhb 4
295
impl sccehjgj 0
wait 1
impl shaiafid 2
296
impl sccehjgj 1
impl sfgfajb 1
297
impl sccehjgj 2
impl scbdaie 4
298
impl sccehjgj 3
impl sjdafeab 0
299
impl sccehjgj 4
impl sbfeejgb 4
300
impl sdfibehb 0
impl shaiafid 3
301
impl sdfibehb 1
impl sgigedhh 0
302
impl sdfibehb 2
impl sjdafeab 3
303
impl sdfibehb 3
impl sjdafeab 4
304
impl sdfibehb 4
impl scbdaie 1
305
impl sbaejabb 0
impl secdjgaj 1
306
impl sbaejabb 1
impl sdfeiche 0
307
impl sbaejabb 2
impl shfijii 4
308
impl sbaejabb 3
impl scghcdeg 0
309
impl sbaejabb 4
impl shaiafid 4
310
impl sfgadabi 0
impl sggahbia 0
311
impl sfgadabi 1
impl secdjgaj 2
312
impl sfgadabi 2
impl scbdaie 2
313
impl sfgadabi 3
impl scbdaie 3
314
impl sfgadabi 4
impl sbfeejgb 0
315
impl sieijcaa 0
impl sgdadeig 1
316
impl sieijcaa 1
impl sbfccieb 3
317
impl sieijcaa 2
impl shfijii 0
318
impl sieijcaa 3
impl shfijii 1
319
impl sieijcaa 4
wait 1
impl siefbhb 0
320
impl siadeafj 0
impl sgigedhh 3
321
impl siadeafj 1
impl shbdjabg 2
322
impl siadeafj 2
impl sfgfajb 2
323
impl siadeafj 3
impl sfgfajb 3
324
impl siadeafj 4
impl sgdadeig 2
325
impl sgiaefaj 0
impl sfgfajb 4
326
impl sgiaefaj 1
impl sgfcbdcc 1
327
impl sgiaefaj 2
impl sgdadeig 3
328
impl sgiaefaj 3
impl sgdadeig 4
329
impl sgiaefaj 4
wait 1
impl scghcdeg 1
330
impl sifbecjf 0
impl sdfeiche 1
331
impl sifbecjf 1
impl sjjihdjc 1
332
impl sifbecjf 2
impl sgigedhh 4
333
impl sifbecjf 3
impl sbfccieb 0
334
impl sifbecjf 4
impl sgigedhh 1
335
impl sdggbca 0
impl scghcdeg 2
336
impl sdggbca 1
impl sbfccieb 1
337
impl sdggbca 2
impl siefbhb 1
338
impl sdggbca 3
impl siefbhb 2
339
impl sdggbca 4
impl sggahbia 1
340
impl sdhhiij 0
impl sjjihdjc 2
341
impl sdhhiij 1
impl sdagieei 0
342
impl sdhhiij 2
impl sefbcjhc 4
343
impl sdhhiij 3
impl shcfgiea 0
344
impl sdhhiij 4
impl sfigichb 2
345
impl sgdgbjcg 0
impl shcfgiea 2
346
impl sgdgbjcg 1
impl sbhcjjii 2
347
impl sgdgbjcg 2
impl shbdjabg 3
348
impl sgdgbjcg 3
impl shbdjabg 4
349
impl sgdgbjcg 4
impl sgfcbdcc 2
350
impl sdgebbaf 0
impl sgigedhh 2
351
impl sdgebbaf 1
impl sfigichb 3
352
impl sdgebbaf 2
impl secdjgaj 3
353
impl sdgebbaf 3
impl secdjgaj 4
354
impl sdgebbaf 4
impl scghcdeg 3
355
impl sfjcgcaf 0
impl shjichie 1
356
impl sfjcgcaf 1
impl sccchhci 3
357
impl sfjcgcaf 2
impl sgfhhhgj 2
358
impl sfjcgcaf 3
impl sgfhhhgj 3
359
impl sfjcgcaf 4
impl sjjihdjc 3
360
impl sgicjcbi 0
impl sgfhhhgj 0
361
impl sgicjcbi 1
impl sdagieei 4
362
impl sgicjcbi 2
impl shcfgiea 3
363
impl sgicjcbi 3
impl shcfgiea 4
364
impl sgicjcbi 4
impl sefbcjhc 0
365
impl sebiaebg 0
impl sdagieei 1
366
impl sebiaebg 1
impl secaaaji 3
367
impl sebiaebg 2
impl shjichie 2
368
impl sebiaebg 3
impl shjichie 3
369
impl sebiaebg 4
impl sgfhhhgj 4
370
impl sdciidde 0
impl sefbcjhc 1
371
impl sdciidde 1
impl schcdgdj 3
372
impl sdciidde 2
impl sgfcbdcc 3
373
impl sdciidde 3
impl sgfcbdcc 4
374
impl sdciidde 4
impl sbfccieb 4
375
impl sjjiace 0
impl shjichie 4
376
impl sjjiace 1
impl sccchhci 4
377
impl sjjiace 2
impl schcdgdj 0
378
impl sjjiace 3
impl schcdgdj 1
379
impl sjjiace 4
impl sjjihdjc 4
380
impl sgdejbfc 0
impl sjjihdjc 0
381
impl sgdejbfc 1
impl sbhcjjii 3
382
impl sgdejbfc 2
impl sefbcjhc 2
383
impl sgdejbfc 3
impl sefbcjhc 3
384
impl sgdejbfc 4
impl sfigichb 0
385
impl sgifbgfh 0
impl sccchhci 0
386
impl sgifbgfh 1
impl sgjgjgig 0
387
impl sgifbgfh 2
impl sdagieei 2
388
impl sgifbgfh 3
impl sdagieei 3
389
impl sgifbgfh 4
impl sbhcjjii 0
390
impl shhbgbjf 0
impl shcfgiea 1
391
impl shhbgbjf 1
impl sbhcjjii 1
392
impl shhbgbjf 2
impl sfigichb 4
393
impl shhbgbjf 3
impl shbdjabg 0
394
impl shhbgbjf 4
impl sdfeiche 2
395
impl sgbfjcej 0
impl shbdjabg 1
396
impl sgbfjcej 1
impl schcdgdj 2
397
impl sgbfjcej 2
impl sdfeiche 3
398
impl sgbfjcej 3
wait 1
impl sfigichb 1
399
impl sgbfjcej 4
impl sbfccieb 2
400
impl sdhebgaj 0
impl siieijgi 2
401
impl sdhebgaj 1
impl sjifccjd 0
402
impl sdhebgaj 2
impl sjabific 3
403
impl sdhebgaj 3
impl sjabific 4
404
impl sdhebgaj 4
impl sccchhci 2
405
impl sedjbebj 0
impl sfejbccf 4
406
impl sedjbebj 1
impl sjdjjjhb 4
407
impl sedjbebj 2
impl sgjgjgig 2
408
impl sedjbebj 3
impl sgjgjgig 3
409
impl sedjbebj 4
impl siieijgi 3
410
impl scjjbia 0
impl sbhcjjii 4
411
impl scjjbia 1
impl secaaaji 0
412
impl scjjbia 2
impl schcdgdj 4
413
impl scjjbia 3
impl shjichie 0
414
impl scjjbia 4
impl sgfhhhgj 1
415
impl scbddbgf 0
impl secaaaji 4
416
impl scbddbgf 1
wait 1
impl sjifccjd 1
417
impl scbddbgf 2
impl sjabific 0
418
impl scbddbgf 3
impl sjabific 1
419
impl scbddbgf 4
impl sccchhci 1
420
impl siajbdbb 0
impl sgjgjgig 1
421
impl siajbdbb 1
impl scbcceji 0
422
impl siajbdbb 2
impl siieijgi 0
423
impl siajbdbb 3
impl siieijgi 1
424
impl siajbdbb 4
impl sjabific 2
425
impl sjgggjjb 0
impl scgdajfb 0
426
impl sjgggjjb 1
impl segiajee 3
427
impl sjgggjjb 2
impl scbcceji 1
428
impl sjgggjjb 3
wait 1
impl siafggbg 2
429
impl sjgggjjb 4
impl sfedhaha 3
430
impl sbecicij 0
impl scgdajfb 1
431
impl sbecicij 1
impl segiajee 4
432
impl sbecicij 2
impl scbcceji 3
433
impl sbecicij 3
impl scbcceji 4
434
impl sbecicij 4
impl sfedhaha 4
435
impl sdbeebij 0
impl seaieahg 0
436
impl sdbeebij 1
impl sbhcgffi 0
437
impl sdbeebij 2
impl sgjgjgig 4
438
impl sdbeebij 3
impl segagahg 0
439
impl sdbeebij 4
impl siieijgi 4
440
impl sjghihj 0
impl segagahg 1
441
impl sjghihj 1
impl siafggbg 3
442
impl sjghihj 2
impl scbjcchb 0
443
impl sjghihj 3
impl scbjcchb 1
444
impl sjghihj 4
impl secaaaji 1
445
impl sdgajg 0
impl sjifccjd 2
446
impl sdgajg 1
impl seddcbhb 0
447
impl sdgajg 2
impl seaieahg 1
448
impl sdgajg 3
impl seaieahg 2
449
impl sdgajg 4
impl segagahg 2
450
impl sigceidi 0
impl sjifccjd 3
451
impl sigceidi 1
impl seddcbhb 1
452
impl sigceidi 2
impl seaieahg 3
453
impl sigceidi 3
impl seaieahg 4
454
impl sigceidi 4
impl segagahg 3
455
impl sgbcjfce 0
impl sbhcgffi 2
456
impl sgbcjfce 1
impl sdfdeadj 3
457
impl sgbcjfce 2
impl scgdajfb 2
458
impl sgbcjfce 3
impl scgdajfb 3
459
impl sgbcjfce 4
impl siafggbg 0
460
impl sjhibhgd 0
impl sbhcgffi 3
461
impl sjhibhgd 1
impl sdfdeadj 4
462
impl sjhibhgd 2
impl scgdajfb 4
463
impl sjhibhgd 3
impl sjdjjjhb 0
464
impl sjhibhgd 4
impl siafggbg 1
465
impl sbeaabfi 0
impl segagahg 4
466
impl sbeaabfi 1
impl siafggbg 4
467
impl sbeaabfi 2
impl scbjcchb 2
468
impl sbeaabfi 3
impl scbjcchb 3
469
impl sbeaabfi 4
impl secaaaji 2
470
impl sggjdggf 0
impl sifcdica 0
471
impl sggjdggf 1
impl sbeefabf 3
472
impl sggjdggf 2
impl sgjcbcbg 0
473
impl sggjdggf 3
impl sgjcbcbg 1
474
impl sggjdggf 4
impl sbhedchh 3
475
impl sebiefbj 0
impl sjifccjd 4
476
impl sebiefbj 1
impl seddcbhb 2
477
impl sebiefbj 2
wait 1
impl scbfacj 0
478
impl sebiefbj 3
impl sfedhaha 1
479
impl sebiefbj 4
impl sfejbccf 0
480
impl seaeheaa 0
impl sfdghjbb 1
481
wait 1
impl sgbdjjih 2
impl sdbafdfj 2
482
impl seaeheaa 2
impl segiajee 1
483
impl seaeheaa 3
impl segiajee 2
484
impl seaeheaa 4
impl seddcbhb 3
485
impl siaadhhc 0
impl sbeefabf 0
486
impl siaadhhc 1
impl segibjfe 4
487
impl siaadhhc 2
impl sifcdica 4
488
impl siaadhhc 3
impl seefejh 0
489
impl siaadhhc 4
impl sifcdica 1
490
impl sjbjffhj 0
impl sbhcgffi 4
491
impl sjbjffhj 1
impl sfdghjbb 2
492
impl sjbjffhj 2
impl sjdjjjhb 1
493
impl sjbjffhj 3
impl sjdjjjhb 2
494
wait 1
impl sgbdjjih 3
impl sijgbefe 3
495
impl siacihhc 0
impl scbfacj 1
496
impl siacihhc 1
impl sbhcgffi 1
497
impl siacihhc 2
impl sfejbccf 2
498
impl siacihhc 3
impl sfejbccf 3
499
impl siacihhc 4
impl scbjcchb 4
500
wait 1
impl sgbdjjih 4
impl sdbfabag 3
501
impl shijidi 1
impl segibjfe 1
502
impl shijidi 2
impl sifcdica 2
503
impl shijidi 3
impl sifcdica 3
504
impl shijidi 4
impl sgjcbcbg 2
505
impl sbgcabjf 0
impl sbhedchh 4
506
impl sbgcabjf 1
impl seefejh 1
507
impl sbgcabjf 2
impl seddcbhb 4
508
impl sbgcabjf 3
impl sbhedchh 0
509
impl sbgcabjf 4
impl sjdjjjhb 3
510
impl sdhddfhi 0
impl sbjjaeii 4
511
impl sdhddfhi 1
impl sjffhdjf 1
512
impl sdhddfhi 2
impl sbeefabf 4
513
impl sdhddfhi 3
impl sbjjaeii 0
514
impl sdhddfhi 4
impl shhigafj 4
515
wait 1
impl sffbfbhj 0
impl sggbfhae 1
516
impl sbjcfjad 1
impl sjjiihe 2
517
impl sbjcfjad 2
impl sjeffidj 2
518
impl sbjcfjad 3
impl sjeffidj 3
519
impl sbjcfjad 4
impl sdbfdaje 2
520
impl sidaghaa 0
impl scbfacj 2
521
impl sidaghaa 1
impl sbhedchh 1
522
impl sidaghaa 2
impl scbfacj 3
523
impl sidaghaa 3
impl scbfacj 4
524
impl sidaghaa 4
impl sfejbccf 1
525
impl shcbehei 0
impl sgjcbcbg 3
526
impl shcbehei 1
impl sbeefabf 1
527
impl shcbehei 2
impl sgjcbcbg 4
528
impl shcbehei 3
impl sfdghjbb 0
529
impl shcbehei 4
impl sbhedchh 2
530
impl scjiagcc 0
impl scdgefie 0
531
impl scjiagcc 1
impl sgihjihi 2
532
impl scjiagcc 2
impl scdgefie 1
533
impl scjiagcc 3
impl scdgefie 2
534
impl scjiagcc 4
impl segibjfe 2
535
impl seicbdfb 0
impl seefejh 2
536
impl seicbdfb 1
impl shcadfbf 0
537
impl seicbdfb 2
impl seefejh 3
538
impl seicbdfb 3
impl seefejh 4
539
impl seicbdfb 4
impl sfdghjbb 3
540
impl scefbejd 0
impl shhigafj 0
541
impl scefbejd 1
impl shcadfbf 1
542
impl scefbejd 2
impl shhigafj 1
543
impl scefbejd 3
impl shhigafj 2
544
impl scefbejd 4
impl sfdghjbb 4
545
impl sbgjfa 0
impl sdfdeadj 0
546
impl sbgjfa 1
impl sbjjaeii 1
547
impl sbgjfa 2
impl sdfdeadj 1
548
impl sbgjfa 3
impl sdfdeadj 2
549
impl sbgjfa 4
impl segiajee 0
550
impl sfajbifj 0
wait 1
impl shddjcbg 1
551
impl sfajbifj 1
impl sfcgcbbd 1
552
impl sfajbifj 2
impl sgdhggdg 0
553
wait 1
impl sffbfbhj 1
impl shbbbej 1
554
wait 1
impl sffbfbhj 2
impl sciejhhg 4
555
impl seeiabga 0
impl scdgefie 3
556
impl seeiabga 1
impl sgihjihi 3
557
impl seeiabga 2
impl scdgefie 4
558
impl seeiabga 3
impl shcadfbf 2
559
impl seeiabga 4
impl segibjfe 0
560
impl scbfajfi 0
impl sbidbjbi 0
561
impl scbfajfi 1
impl sgbadbhd 3
562
impl scbfajfi 2
impl sbidbjbi 1
563
impl scbfajfi 3
impl sgehijg 3
564
impl scbfajfi 4
impl shiafgji 1
565
impl sbddfede 0
impl shiafgji 2
566
impl sbddfede 1
impl scjbfbf 1
567
impl sbddfede 2
impl shiafgji 3
568
impl sbddfede 3
impl sjeffidj 4
569
impl sbddfede 4
impl sdbfdaje 3
570
impl siddfbji 0
impl sbjjaeii 2
571
impl siddfbji 1
impl sjffhdjf 2
572
impl siddfbji 2
impl sbjjaeii 3
573
impl siddfbji 3
impl sbeefabf 2
574
impl siddfbji 4
impl shhigafj 3
575
impl sggfafhg 0
impl sgehijg 4
576
impl sggfafhg 1
impl shbjgffd 0
577
impl sggfafhg 2
impl sedfcjb 0
578
impl sggfafhg 3
impl sgihjihi 4
579
impl sggfafhg 4
impl shiafgji 0
580
impl sfhjhaij 0
impl sdbfdaje 4
581
impl sfhjhaij 1
impl sedfcjb 1
582
impl sfhjhaij 2
impl sjffhdjf 0
583
impl sfhjhaij 3
impl sdbfdaje 0
584
impl sfhjhaij 4
impl segibjfe 3
585
impl scagffbd 0
impl sgbadbhd 4
586
impl scagffbd 1
impl sjjbghai 2
587
impl scagffbd 2
impl sdjecbej 0
588
impl scagffbd 3
impl shbjgffd 1
589
impl scagffbd 4
impl scjbfbf 2
590
impl sjjjced 0
impl sbjhgebg 0
591
impl sjjjced 1
impl sgdhggdg 1
592
impl sjjjced 2
impl sbjhgebg 1
593
impl sjjjced 3
impl siebdfhg 2
594
impl sjjjced 4
impl scjeiafe 0
595
impl sdcheeh 0
impl sdjecbej 1
596
impl sdcheeh 1
impl sjjbghai 3
597
impl sdcheeh 2
impl sdjecbej 2
598
impl sdcheeh 3
impl shbjgffd 2
599
impl sdcheeh 4
impl scjbfbf 3
600
impl shcejejb 0
impl sdjecbej 3
601
impl shcejejb 1
impl sjjbghai 4
602
impl shcejejb 2
impl sdjecbej 4
603
impl shcejejb 3
impl shbjgffd 3
604
impl shcejejb 4
impl scjbfbf 4
605
impl sbaegccg 0
impl sfcgcbbd 2
606
impl sbaegccg 1
impl shidbfbf 4
607
wait 1
impl sffbfbhj 3
impl sciejhhg 3
608
wait 1
impl sffbfbhj 4
impl sciejhhg 0
609
impl sbaegccg 4
impl sgadjedf 4
610
impl sbbfdich 0
impl sjeffidj 0
611
impl sbbfdich 1
impl scjeiafe 1
612
impl sbbfdich 2
impl sjffhdjf 3
613
wait 1
impl sjgbhhgg 0
impl seibeedd 1
614
impl sbbfdich 4
impl shcadfbf 3
615
impl sjbjebjg 0
impl sbidbjbi 2
616
impl sjbjebjg 1
impl sfijhcgg 0
617
impl sjbjebjg 2
impl sedfcjb 2
618
impl sjbjebjg 3
impl sgihjihi 0
619
impl sjbjebjg 4
impl shiafgji 4
620
impl sfifjbff 0
impl siebdfhg 3
621
impl sfifjbff 1
impl seichbij 1
622
impl sfifjbff 2
impl siebdfhg 0
623
impl sfifjbff 3
impl scjeiafe 2
624
impl sfifjbff 4
impl sbidbjbi 3
625
impl sfgbdeei 0
impl sejjaigh 3
626
impl sfgbdeei 1
impl sbfigggf 1
627
impl sfgbdeei 2
impl seihdhag 2
628
impl sfgbdeei 3
impl sfijhcgg 1
629
impl sfgbdeei 4
impl shbjgffd 4
630
impl segdjggd 0
impl sjjiihe 3
631
impl segdjggd 1
impl seihdhag 3
632
impl segdjggd 2
impl scjeiafe 3
633
impl segdjggd 3
impl sedfcjb 3
634
impl segdjggd 4
impl sgehijg 0
635
impl sghcfcfd 0
impl sbbgdaej 0
636
impl sghcfcfd 1
impl sebffchc 4
637
impl sghcfcfd 2
impl sgadjedf 0
638
impl sghcfcfd 3
impl sgdhggdg 2
639
impl sghcfcfd 4
impl seichbij 2
640
impl shajdiie 0
impl sjeffidj 1
641
impl shajdiie 1
impl scjeiafe 4
642
impl shajdiie 2
impl sjffhdjf 4
643
impl shajdiie 3
impl sdbfdaje 1
644
impl shajdiie 4
impl shcadfbf 4
645
impl sdcjghic 0
impl sgbadbhd 0
646
impl sdcjghic 1
impl shddjcbg 2
647
impl sdcjghic 2
impl sbjhgebg 2
648
impl sdcjghic 3
impl siebdfhg 1
649
impl sdcjghic 4
impl sjjiihe 4
650
impl sgfhcdfh 0
impl schjbhhc 0
651
impl sgfhcdfh 1
impl sfggacaj 2
652
impl sgfhcdfh 2
impl sbbgdaej 1
653
impl sgfhcdfh 3
impl shddjcbg 3
654
impl sgfhcdfh 4
impl sgdhggdg 3
655
impl sehhdfeb 0
impl scjbfbf 0
656
impl sehhdfeb 1
impl seihdhag 4
657
impl sehhdfeb 2
impl sjjiihe 0
658
impl sehhdfeb 3
impl sedfcjb 4
659
impl sehhdfeb 4
impl sgehijg 1
660
impl seiegagg 0
impl sejjaigh 4
661
impl seiegagg 1
impl sbfigggf 2
662
impl seiegagg 2
impl sejjaigh 0
663
impl seiegagg 3
impl sfijhcgg 2
664
impl seiegagg 4
impl sgbadbhd 1
665
impl sfbjabhd 0
impl sifajhfd 0
666
impl sfbjabhd 1
impl sbbhgjgj 0
667
impl sfbjabhd 2
impl sebffchc 0
668
impl sfbjabhd 3
wait 1
impl shhcgddc 4
669
impl sfbjabhd 4
impl sebfhcf 2
670
impl shjeiehj 0
impl sdbijbdh 0
671
impl shjeiehj 1
impl scbechig 4
672
impl shjeiehj 2
impl sfcgcbbd 4
673
impl shjeiehj 3
impl sbfigggf 3
674
impl shjeiehj 4
impl schjbhhc 1
675
impl sfedhgce 0
impl sbfigggf 4
676
impl sfedhgce 1
impl sdbhcjei 1
677
impl sfedhgce 2
impl schjbhhc 2
678
impl sfedhgce 3
impl sgadjedf 1
679
impl sfedhgce 4
impl shddjcbg 4
680
impl sdaacfaf 0
impl sjjbghai 0
681
impl sdaacfaf 1
impl sdbijbdh 1
682
impl sdaacfaf 2
impl sgdhggdg 4
683
impl sdaacfaf 3
impl seichbij 0
684
impl sdaacfaf 4
impl sejjaigh 1
685
impl sdhdffhg 0
impl sjjiihe 1
686
impl sdhdffhg 1
impl sfijhcgg 4
687
impl sdhdffhg 2
impl sbidbjbi 4
688
impl sdhdffhg 3
impl sgehijg 2
689
impl sdhdffhg 4
impl sgihjihi 1
690
impl sbhghccb 0
impl sfggacaj 3
691
impl sbhghccb 1
impl sggfjebe 0
692
impl sbhghccb 2
impl sifajhfd 1
693
impl sbhghccb 3
impl sdbijbdh 2
694
impl sbhghccb 4
impl shhcgddc 0
695
impl secijfjh 0
impl sejjaigh 2
696
impl secijfjh 1
impl schjbhhc 3
697
impl secijfjh 2
impl seihdhag 0
698
impl secijfjh 3
impl sgbadbhd 2
699
impl secijfjh 4
impl sbjhgebg 3
700
impl sbjbcchi 0
impl sjjddjjb 2
701
impl sbjbcchi 1
impl sbjghbcf 1
702
impl sbjbcchi 2
impl sghjghbb 1
703
impl sbjbcchi 3
impl seheiigg 3
704
impl sbjbcchi 4
impl sggfjebe 1
705
impl sjjghcie 0
impl sggfjebe 2
706
impl sjjghcie 1
impl sfgiaehj 2
707
impl sjjghcie 2
impl sbbhgjgj 1
708
impl sjjghcie 3
impl sdfcfda 0
709
impl sjjghcie 4
impl scbechig 0
710
impl scjbiahd 0
impl sbbgdaej 2
711
impl scjbiahd 1
impl sifajhfd 2
712
impl scjbiahd 2
impl sgadjedf 2
713
impl scjbiahd 3
impl shddjcbg 0
714
impl scjbiahd 4
impl seichbij 3
715
impl sbadjgfc 0
impl shhcgddc 1
716
impl sbadjgfc 1
impl scbechig 1
717
impl sbadjgfc 2
impl sebfhcf 3
718
impl sbadjgfc 3
impl schjbhhc 4
719
impl sbadjgfc 4
impl sbbgdaej 3
720
impl sbhjcdgh 0
impl seihdhag 1
721
impl sbhjcdgh 1
impl sbbgdaej 4
722
impl sbhjcdgh 2
impl sfijhcgg 3
723
impl sbhjcdgh 3
impl sbjhgebg 4
724
impl sbhjcdgh 4
impl siebdfhg 4
725
impl shcaicjd 0
impl sebffchc 1
726
impl shcaicjd 1
impl sebbegej 0
727
impl shcaicjd 2
impl sdbijbdh 3
728
impl shcaicjd 3
impl sebfhcf 4
729
impl shcaicjd 4
impl sebfhcf 0
730
impl segjeieg 0
impl sjjddjjb 3
731
impl segjeieg 1
impl sbjghbcf 2
732
impl segjeieg 2
impl sghjghbb 2
733
impl segjeieg 3
impl seheiigg 4
734
impl segjeieg 4
impl sggfjebe 3
735
impl sigijcdh 0
impl shidbfbf 0
736
impl sigijcdh 1
impl sibiijib 2
737
impl sigijcdh 2
impl sdbhcjei 2
738
impl sigijcdh 3
impl sifajhfd 3
739
impl sigijcdh 4
impl sebffchc 2
740
impl sfdgefbd 0
impl scbechig 2
741
impl sfdgefbd 1
impl sghjghbb 3
742
impl sfdgefbd 2
impl shidbfbf 1
743
impl sfdgefbd 3
impl sfggacaj 4
744
impl sfdgefbd 4
impl sifajhfd 4
745
impl sibdjica 0
impl sdejeagd 4
746
impl sibdjica 1
impl sfgcihge 1
747
impl sibdjica 2
impl sdejeagd 0
748
impl sibdjica 3
impl sghjghbb 4
749
impl sibdjica 4
impl sibiijib 3
750
impl siebgdgd 0
impl sfggacaj 0
751
impl siebgdgd 1
impl sbbhgjgj 2
752
impl siebgdgd 2
impl sebffchc 3
753
impl siebgdgd 3
impl shhcgddc 2
754
impl siebgdgd 4
impl sfcgcbbd 0
755
impl sgjdabef 0
impl sjjddjjb 0
756
impl sgjdabef 1
impl sgjaafag 3
757
impl sgjdabef 2
impl sibiijib 4
758
impl sgjdabef 3
impl sggfjebe 4
759
impl sgjdabef 4
impl sbbhgjgj 3
760
impl sjgcdhab 0
impl sebfhcf 1
761
impl sjgcdhab 1
impl sdbhcjei 3
762
impl sjgcdhab 2
impl sbfigggf 0
763
impl sjgcdhab 3
impl sgadjedf 3
764
impl sjgcdhab 4
impl sjjbghai 1
765
impl sebichg 0
impl sebbegej 1
766
impl sebichg 1
impl sdejeagd 1
767
impl sebichg 2
impl sdfcfda 1
768
impl sebichg 3
impl shidbfbf 2
769
impl sebichg 4
impl sdbhcjei 4
770
impl seaahfjj 0
impl sdbhcjei 0
771
impl seaahfjj 1
impl seheiigg 0
772
impl seaahfjj 2
impl sfggacaj 1
773
impl seaahfjj 3
impl sdbijbdh 4
774
impl seaahfjj 4
impl shhcgddc 3
775
impl sdhbgcei 0
impl sfgiaehj 0
776
impl sdhbgcei 1
impl sfgcihge 2
777
impl sdhbgcei 2
impl sdejeagd 2
778
impl sdhbgcei 3
impl sjjddjjb 1
779
impl sdhbgcei 4
impl sghjghbb 0
780
impl sehedeb 0
impl sbbhgjgj 4
781
impl sehedeb 1
impl sfgiaehj 1
782
impl sehedeb 2
impl sebbegej 2
783
impl sehedeb 3
wait 1
impl sdfcfda 2
784
impl sehedeb 4
impl shidbfbf 3
785
impl sjbhabgb 0
impl sfgdhebc 1
786
impl sjbhabgb 1
impl shccbhdh 0
787
impl sjbhabgb 2
impl shccaeid 2
788
impl sjbhabgb 3
impl sceghbch 3
789
impl sjbhabgb 4
impl sdbjfieb 3
790
impl sdaeiha 0
impl shccaeid 3
791
impl sdaeiha 1
impl sfcccaji 3
792
impl sdaeiha 2
impl sdicajij 3
793
impl sdaeiha 3
impl sdbjfieb 4
794
impl sdaeiha 4
impl sdfcjigf 4
795
impl sihcbjch 0
impl sbjghbcf 3
796
impl sihcbjch 1
wait 1
impl sdbjfieb 0
797
impl sihcbjch 2
impl sgjaafag 4
798
impl sihcbjch 3
impl sigjbhfd 1
799
impl sihcbjch 4
impl sfgiaehj 3
800
impl shigfdjj 0
impl sceghbch 4
801
impl shigfdjj 1
impl sehjhhib 1
802
impl shigfdjj 2
impl sceghbch 0
803
impl shigfdjj 3
impl sjidcfcb 4
804
impl shigfdjj 4
wait 1
impl sdfcjigf 0
805
impl sfiejeid 0
impl siacedeb 2
806
impl sfiejeid 1
impl shccaeid 4
807
impl sfiejeid 2
impl sceebfid 3
808
impl sfiejeid 3
impl sfgcihge 3
809
impl sfiejeid 4
impl sicjijba 2
810
impl sbicfijd 0
impl sibiijib 0
811
impl sbicfijd 1
impl sigjbhfd 2
812
impl sbicfijd 2
impl seheiigg 1
813
impl sbicfijd 3
impl sebbegej 3
814
impl sbicfijd 4
impl sdfcfda 3
815
impl siiceae 0
impl sceebfid 4
816
impl siiceae 1
impl sdicajij 4
817
impl siiceae 2
impl sceebfid 1
818
impl siiceae 3
impl sicjijba 3
819
impl siiceae 4
impl sbjghbcf 4
820
impl sdchhbic 0
impl sibiijib 1
821
impl sdchhbic 1
impl sigjbhfd 3
822
impl sdchhbic 2
impl seheiigg 2
823
impl sdchhbic 3
impl sebbegej 4
824
impl sdchhbic 4
impl sdfcfda 4
825
impl siaiddai 0
impl sjidcchc 1
826
impl siaiddai 1
impl sdijcbfc 2
827
impl siaiddai 2
impl scfecaee 1
828
impl siaiddai 3
impl shccbhdh 1
829
impl siaiddai 4
impl sfcccaji 4
830
impl sjchhegi 0
impl siacedeb 3
831
impl sjchhegi 1
impl sfgdhebc 0
832
impl sjchhegi 2
impl siacedeb 0
833
impl sjchhegi 3
impl sfgcihge 4
834
impl sjchhegi 4
impl sicjijba 4
835
impl sjddggcj 0
impl sjidcfcb 1
836
impl sjddggcj 1
impl sfgdhebc 2
837
impl sjddggcj 2
impl siacedeb 4
838
impl sjddggcj 3
impl sceebfid 2
839
impl sjddggcj 4
impl sceebfid 0
840
impl schjebce 0
impl scfecaee 2
841
impl schjebce 1
impl shedacai 1
842
impl schjebce 2
impl shhaahdg 1
843
impl schjebce 3
impl siajbfic 0
844
impl schjebce 4
impl sfcccaji 0
845
impl sdbjidge 0
impl sigjbhfd 4
846
impl sdbjidge 1
impl siacedeb 1
847
impl sdbjidge 2
impl sfgiaehj 4
848
impl sdbjidge 3
impl sdejeagd 3
849
impl sdbjidge 4
impl sjjddjjb 4
850
impl scjaij 0
impl sfgdhebc 4
851
impl scjaij 1
impl shhaahdg 2
852
impl scjaij 2
impl sfgdhebc 3
853
impl scjaij 3
impl shccaeid 0
854
impl scjaij 4
impl sdicajij 0
855
impl sehbdjca 0
impl sdijcbfc 3
856
impl sehbdjca 1
impl shagifcj 1
857
impl sehbdjca 2
impl shedacai 2
858
impl sehbdjca 3
impl secdgbaf 1
859
impl sehbdjca 4
impl sbfbicab 3
860
impl sbejicdd 0
impl sfgcihge 0
861
impl sbejicdd 1
impl sdbjfieb 1
862
impl sbejicdd 2
impl sicjijba 0
863
impl sbejicdd 3
impl sgjaafag 2
864
impl sbejicdd 4
impl sgjaafag 0
865
impl sjbdhiec 0
impl sicjijba 1
866
impl sjbdhiec 1
impl sdfcjigf 1
867
impl sjbdhiec 2
impl sbjghbcf 0
868
impl sjbdhiec 3
impl sgjaafag 1
869
impl sjbdhiec 4
impl sigjbhfd 0
870
impl sbiaacd 0
impl shccaeid 1
871
impl sbiaacd 1
impl sfcccaji 1
872
impl sbiaacd 2
impl sdicajij 1
873
impl sbiaacd 3
wait 1
impl sceghbch 1
874
impl sbiaacd 4
impl sdfcjigf 2
875
impl sghgijac 0
impl sdicajij 2
876
impl sghgijac 1
impl sehjhhib 2
877
impl sghgijac 2
impl sceghbch 2
878
impl sghgijac 3
impl sdfcjigf 3
879
impl sghgijac 4
impl sjidcfcb 2
880
impl sibahehf 0
impl scfecaee 3
881
impl sibahehf 1
impl shedacai 3
882
impl sibahehf 2
impl shhaahdg 3
883
impl sibahehf 3
impl siajbfic 1
884
impl sibahehf 4
impl sfcccaji 2
885
impl sfijieii 0
impl secdgbaf 2
886
impl sfijieii 1
impl shjfiffh 1
887
impl sfijieii 2
impl sbfbicab 4
888
impl sfijieii 3
impl sgidejij 2
889
impl sfijieii 4
impl sjidcchc 2
890
impl sjhbahbi 0
impl shagifcj 2
891
impl sjhbahbi 1
impl scaedegf 3
892
impl sjhbahbi 2
impl seibeedd 2
893
impl sjhbahbi 3
impl shjfiffh 2
894
wait 1
impl sjgbhhgg 1
impl sbbjjehf 3
895
impl sdcedajj 0
impl sddhaifh 2
896
impl sdcedajj 1
impl sccaebgh 0
897
impl sdcedajj 2
impl sdijcbfc 4
898
impl sdcedajj 3
impl sfffdheb 1
899
impl sdcedajj 4
impl sjfchegd 0
900
impl sdfdcif 0
impl sddhaifh 0
901
impl sdfdcif 1
impl shagifcj 3
902
impl sdfdcif 2
impl shedacai 4
903
impl sdfdcif 3
impl secdgbaf 3
904
impl sdfdcif 4
impl sejdaigd 3
905
impl sjdjhbdf 0
impl sdijcbfc 0
906
impl sjdjhbdf 1
impl seibeedd 3
907
impl sjdjhbdf 2
impl sfffdheb 2
908
impl sjdjhbdf 3
impl sjfchegd 1
909
impl sjdjhbdf 4
impl sgidejij 3
910
impl sjdfihb 0
impl sccaebgh 4
911
impl sjdfihb 1
impl sdfgfi 2
912
impl sjdfihb 2
impl sccaebgh 1
913
impl sjdfihb 3
impl seibeedd 4
914
impl sjdfihb 4
impl shjfiffh 3
915
impl siegjfce 0
impl sfffdheb 3
916
impl siegjfce 1
impl sgcciafh 2
917
impl siegjfce 2
impl secdgbaf 4
918
impl siegjfce 3
impl sejdaigd 4
919
impl siegjfce 4
impl sjidcchc 3
920
impl sdigjgce 0
impl sgidejij 4
921
impl sdigjgce 1
impl sddhaifh 3
922
impl sdigjgce 2
impl sjidcchc 4
923
impl sdigjgce 3
impl shhaahdg 4
924
impl sdigjgce 4
impl siajbfic 2
925
impl sedhhhbf 0
impl sfdbfecb 2
926
impl sedhhhbf 1
impl sfbefbgj 0
927
impl sedhhhbf 2
impl sddhaifh 4
928
impl sedhhhbf 3
impl sdijcbfc 1
929
impl sedhhhbf 4
impl sedcdfhg 0
930
impl sdebcijc 0
impl sbfbicab 0
931
impl sdebcijc 1
impl sfdbfecb 3
932
impl sdebcijc 2
impl sejdaigd 0
933
impl sdebcijc 3
impl scfecaee 4
934
impl sdebcijc 4
impl shccbhdh 2
935
impl scbcbfcf 0
impl shagifcj 0
936
impl scbcbfcf 1
impl sbbjjehf 4
937
impl scbcbfcf 2
impl sgcciafh 3
938
impl scbcbfcf 3
impl sfdbfecb 4
939
impl scbcbfcf 4
impl sfdbfecb 0
940
impl scigeecc 0
impl shccbhdh 3
941
impl scigeecc 1
impl sedcdfhg 1
942
impl scigeecc 2
impl siajbfic 3
943
impl scigeecc 3
impl sehjhhib 3
944
impl scigeecc 4
impl sehjhhib 0
945
impl scdedcgd 0
impl scaedegf 0
946
impl scdedcgd 1
impl sdbfabag 4
947
impl scdedcgd 2
impl sbbjjehf 1
948
impl scdedcgd 3
impl sfbefbgj 3
949
impl scdedcgd 4
impl sccaebgh 2
950
impl sjdhggha 0
impl sedcdfhg 2
951
impl sjdhggha 1
impl shjfiffh 4
952
impl sjdhggha 2
impl sjfchegd 2
953
impl sjdhggha 3
impl sejdaigd 1
954
impl sjdhggha 4
impl sjidcchc 0
955
impl sjbdffbh 0
impl sfffdheb 4
956
impl sjbdffbh 1
impl sgcciafh 4
957
impl sjbdffbh 2
impl sedcdfhg 3
958
impl sjbdffbh 3
impl sbfbicab 1
959
impl sjbdffbh 4
impl sgidejij 0
960
impl schfagdd 0
impl sfdbfecb 1
961
impl schfagdd 1
impl sccaebgh 3
962
impl schfagdd 2
impl sddhaifh 1
963
impl schfagdd 3
impl shedacai 0
964
impl schfagdd 4
impl sjfchegd 3
965
impl sgafgbhg 0
impl shccbhdh 4
966
impl sgafgbhg 1
impl sedcdfhg 4
967
impl sgafgbhg 2
impl siajbfic 4
968
impl sgafgbhg 3
impl sehjhhib 4
969
wait 1
impl sjgbhhgg 2
impl seibeedd 0
970
impl sfajjbah 0
impl sfffdheb 0
971
impl sfajjbah 1
impl sgcciafh 0
972
impl sfajjbah 2
impl sjfchegd 4
973
impl sfajjbah 3
impl sejdaigd 2
974
impl sfajjbah 4
impl scfecaee 0
975
impl sfbjeeae 0
impl shbhjcgh 1
976
impl sfbjeeae 1
impl sijgbefe 4
977
impl sfbjeeae 2
impl sdfgfi 3
978
impl sfbjeeae 3
impl scaedegf 4
979
impl sfbjeeae 4
impl sbbjjehf 0
980
impl sbggacji 0
impl sdbafdfj 3
981
impl sbggacji 1
impl sggbfhae 2
982
impl sbggacji 2
impl sdbafdfj 0
983
impl sbggacji 3
impl sijgbefe 1
984
impl sbggacji 4
impl sdbfabag 0
985
impl seagidh 0
impl sfbefbgj 4
986
impl seagidh 1
impl shbhjcgh 2
987
impl seagidh 2
impl sfbefbgj 1
988
impl seagidh 3
impl shagifcj 4
989
impl seagidh 4
impl sgcciafh 1
990
impl sgjibecb 0
impl sdbfabag 1
991
impl sgjibecb 1
impl sciejhhg 1
992
impl sgjibecb 2
impl shbhjcgh 3
993
impl sgjibecb 3
impl sdfgfi 4
994
impl sgjibecb 4
impl scaedegf 1
995
impl sighicf 0
impl secdgbaf 0
996
impl sighicf 1
impl shjfiffh 0
997
impl sighicf 2
impl sbfbicab 2
998
impl sighicf 3
impl sgidejij 1
999
impl sighicf 4
impl shhaahdg 0
