10
0
impl schddbbf 6
impl sbigaeb 8
impl scdgjcae 2
impl shbhfida 2
1
impl sjjdhgdb 0
impl shahbdia 8
impl scbagffa 7
impl sffbgia 7
2
impl sbfdafe 6
impl sjbhfbah 6
impl sdceije 2
impl scjadgbb 6
3
impl sghgajdh 4
impl sbdhhefi 1
impl shgcadai 7
impl scefidbj 4
4
impl sddiiija 9
impl sidbgjdf 4
impl sdgabddb 1
impl sdjjhafj 8
5
impl secefecf 3
impl siibcadh 3
impl sgjagdjj 0
impl seddcgja 7
6
impl scadfiid 8
impl sichjch 6
impl sjhiaifa 7
impl sfcaagef 4
7
impl sffbadgi 2
impl shjbehce 6
impl sedfjcia 8
impl schfjaia 0
8
impl siecfeja 1
impl sbifbeec 2
impl sihifbei 4
impl sejeehcc 7
impl sgdddidj 4
9
impl sbbggabc 6
impl sgfidach 9
impl sjdihadh 1
impl sebfcfhf 2
