1000
0
impl sjgbcffd 1
impl scdbgfjf 1
1
impl shfdhehd 0
impl shfdhehd 1
impl sjjcccia 1
2
impl shacfcbd 0
impl sedefdjc 1
impl sjhfebca 1
3
impl scbheecj 1
impl secghiej 0
impl sihbfedi 1
4
impl sdejfiie 1
impl shgbegij 0
5
impl sbciihba 0
impl sjjcccia 0
impl sbcadbij 1
6
impl sibebcbb 1
impl shgjcdec 0
impl sheegbcg 0
7
impl sdjaeafb 0
impl sjhfebca 1
impl scjighfg 1
8
impl sgfbafdh 0
impl scicgaji 0
impl sgeihiic 0
9
impl sjhfebca 1
impl scafbfej 0
impl sbibhdeh 0
10
impl seebgedb 0
impl sbibhdeh 1
impl sibjccge 1
11
impl siaejggb 1
impl secghiej 0
12
impl seafeafb 1
impl sdjaeafb 0
13
impl sjecbaeh 1
impl sjhfebca 0
impl sgjcibef 0
14
impl scjgafg 0
impl sjeijjdf 1
15
impl sighiagc 0
impl sfdgggfe 0
16
impl secfjgaa 0
impl seefabdg 1
impl sdeechcc 1
17
impl siaejggb 0
impl seeecgii 0
18
impl sccihe 0
impl shhejdab 0
impl scfeajd 1
19
impl sedefdjc 0
impl sgfeaeej 0
impl scibehej 1
20
impl sfacfggi 0
impl scbgehaj 1
impl shbjhaeh 0
21
impl sfgefcfh 1
impl shicfiag 1
impl sjecbaeh 1
22
impl seeecgii 1
impl sjgbcffd 1
impl sjeijjdf 0
23
impl sihbfedi 1
impl sgfbafdh 1
impl sihaaddd 0
24
impl scbgehaj 1
impl seebgedb 1
impl scafbfej 0
25
impl sehbaiga 1
impl sjhfebca 0
impl scgjjhbh 1
26
impl shicfiag 1
impl secafejg 1
impl sfacfggi 1
27
impl sgjcibef 0
impl seebgedb 1
impl sddbejje 1
28
impl sejcbdfe 1
impl sbcbhiaa 1
impl sjjcccia 0
29
impl sgjcibef 0
impl sibjccge 1
impl sjcbhigg 1
30
impl scbgehaj 1
impl secghiej 1
impl sejjjdhh 1
31
impl sgfaddad 0
impl secghiej 0
impl sidcbdcg 0
32
impl sdehjghc 1
impl sjhiedfb 0
33
impl sfacfggi 1
impl sdaeabdf 1
impl sdaeabdf 1
34
impl sdfehjjh 1
impl sejcbdfe 1
impl sgeihiic 0
35
impl sdejfiie 1
impl seafeafb 0
36
impl sgbbdeii 1
impl sejcbdfe 0
impl sjecbaeh 0
37
impl seacajee 1
impl scjighfg 0
impl sieafdid 1
38
impl scbheecj 1
impl sfifhbfe 0
impl sddbejje 0
39
impl sehbaiga 1
impl sibajfgd 1
40
impl sgfeaeej 0
impl seafeafb 1
impl sbcdadcj 1
41
impl sccihe 0
impl sbcadbij 0
42
impl sibjccge 1
impl seacajee 1
impl scafbfej 1
43
impl sddbejje 1
impl shddfeih 0
44
impl seeecgii 0
impl sjhfebca 0
impl sdeechcc 0
45
impl scjgafg 1
impl sihaaddd 0
impl scbheecj 0
46
impl sheegbcg 1
impl sbciihba 1
impl scicgaji 1
47
impl sjhiedfb 1
impl segcagid 1
48
impl sfdgggfe 1
impl sgbbdeii 0
49
impl shfdhehd 1
impl seeecgii 1
impl sgfeaeej 1
50
impl scfjjdjg 1
impl sgcfbd 0
51
impl sibajfgd 0
impl sgfbafdh 0
impl shgjcdec 0
52
impl sgbbdeii 0
impl sgfaddad 1
impl sdfehjjh 0
53
impl sheegbcg 1
impl sdeechcc 0
54
impl sfifhbfe 0
impl sjhiedfb 1
impl scjgafg 1
55
impl scjajghj 0
impl sibebcbb 0
impl sdjaeafb 1
56
impl sfifhbfe 1
impl sdejfiie 1
57
impl secafejg 0
impl sbcbhiaa 0
impl sgeihiic 1
58
impl sdeechcc 0
impl sbbcchfb 0
59
impl sgbfdcdc 0
impl sfgiigee 1
impl sighiagc 1
60
impl sigjbbj 0
impl shfdhehd 1
impl sfgefcfh 1
61
impl sheegbcg 1
impl sbcbhiaa 0
62
impl sgcfbd 0
impl segcagid 1
63
impl seicdjjf 0
impl sbcjiie 0
64
impl sgfeaeej 1
impl seebgedb 0
impl seefabdg 1
65
impl sgeihiic 1
impl sbbcchfb 0
66
impl secafejg 1
impl siaejggb 0
impl sgffhfgb 0
67
impl sdejfiie 1
impl sebbaaif 0
68
impl sdcgjcbf 0
impl sgbjjahf 1
impl sedefdjc 0
69
impl sidcbdcg 1
impl scbgehaj 0
impl sfacfggi 1
70
impl sgfaddad 0
impl sjgbcffd 1
impl sdehjghc 1
71
impl sfacfggi 0
impl sgffhfgb 1
impl sighiagc 1
72
impl shgjcdec 1
impl sjjcccia 1
73
impl segcagid 1
impl shicfiag 0
74
impl scgjjhbh 0
impl sbbcchfb 1
impl scjgafg 0
75
impl sfgiigee 0
impl sejcbdfe 0
impl sfacfggi 0
76
impl shbjhaeh 1
impl sjbccicc 1
77
impl sgdhijej 0
impl sdggidfg 1
impl sfacfggi 0
78
impl sgijcebi 0
impl scdbgfjf 1
79
impl siaejggb 1
impl sgcfbd 1
80
impl scicgaji 0
impl sdeechcc 0
81
impl sdehjghc 1
impl sihaaddd 0
82
impl sgffhfgb 1
impl sbibhdeh 0
impl sccihe 0
83
impl seefabdg 1
impl sdejfiie 1
84
impl sbbciefa 0
impl shgbegij 1
85
impl sgdhijej 1
impl sjbccicc 1
impl scbheecj 0
86
impl sihbfedi 1
impl sjjcccia 1
impl sjjcccia 1
87
impl sjhiedfb 1
impl sdjaeafb 0
88
impl sdfehjjh 0
impl shghjbi 1
89
impl sddbejje 1
impl siicjdcg 1
90
impl sjgbcffd 1
impl shhejdab 1
91
impl shhejdab 0
impl sdaeabdf 0
impl sihbfedi 1
92
impl sdejfiie 0
impl sgfeaeej 1
impl scfjjdjg 1
93
impl secfjgaa 0
impl sihaaddd 1
impl secghiej 0
94
impl scibehej 1
impl sighiagc 0
95
impl shghjbi 0
impl secghiej 1
96
impl sheegbcg 1
impl sjeijjdf 1
97
impl sgijcebi 0
impl sebbaaif 1
impl sjhiedfb 1
98
impl sbjejgjj 1
impl siicjdcg 0
99
impl siaejggb 0
impl sfifhbfe 0
100
impl shicfiag 0
impl sebbaaif 0
101
impl sdjaeafb 1
impl sbfahjej 0
102
impl shgbegij 0
impl sbfahjej 0
103
impl sfdgggfe 0
impl sbcbhiaa 0
104
impl sgfbafdh 1
impl sbcjiie 1
impl sbbcchfb 1
105
impl secfjgaa 0
impl scjajghj 1
106
impl sehbaiga 1
impl sfacfggi 0
107
impl sgbbdeii 0
impl sbjejgjj 0
108
impl sedefdjc 0
impl secgbdah 0
impl scibehej 1
109
impl sbfahjej 0
impl shhejdab 0
impl sfgiigee 1
110
impl sgfeaeej 0
impl scjajghj 0
impl sbbciefa 1
111
impl sheegbcg 1
impl scicgaji 0
112
impl scibehej 0
impl sbcjiie 1
113
impl scafbfej 0
impl sjcbhigg 0
114
impl shfdhehd 0
impl sjjcccia 1
115
impl sejcbdfe 0
impl sjecbaeh 1
impl sgffhfgb 1
116
impl sdjaeafb 1
impl sejcbdfe 1
117
impl shgbegij 0
impl seefabdg 1
118
impl sbcjiie 0
impl shfdhehd 0
119
impl sibjccge 0
impl secfjgaa 1
120
impl sgeihiic 0
impl sighiagc 0
121
impl sbibhdeh 0
impl scbgehaj 1
impl sejjjdhh 0
122
impl scjgafg 1
impl sbbciefa 0
123
impl sgffhfgb 0
impl sbciihba 1
impl scjajghj 1
124
impl sihbfedi 1
impl sbciihba 0
impl secafejg 1
125
impl seebgedb 1
impl sdaeabdf 0
126
impl sdaeabdf 1
impl sbfahjej 0
127
impl sejjjdhh 0
impl sddbejje 1
128
impl scbgehaj 1
impl seacajee 1
impl sjcbhigg 0
129
impl seefabdg 0
impl seicdjjf 0
130
impl seacajee 0
impl seafeafb 0
131
impl sfdgggfe 0
impl secafejg 0
132
impl siaejggb 0
impl sheegbcg 0
133
impl sdeechcc 0
impl siaejggb 0
134
impl sigjbbj 0
impl sbcjiie 1
impl sheegbcg 1
135
impl scjgafg 0
impl scbheecj 1
136
impl scbheecj 0
impl sjgbcffd 1
137
impl sejcbdfe 0
impl scgjjhbh 0
138
impl segghbga 1
impl shbjhaeh 0
139
impl sddbejje 0
impl seafeafb 1
140
impl sdaeabdf 0
impl secafejg 0
impl sjhiedfb 1
141
impl sbbciefa 0
impl sgbbdeii 0
142
impl segcagid 1
impl scdbgfjf 1
143
impl sihbfedi 1
impl sdaeabdf 0
impl scgjjhbh 1
144
impl sibebcbb 1
impl sbfahjej 0
impl sdggidfg 1
145
impl siabdjfc 0
impl sfifhbfe 0
146
impl siicjdcg 1
impl scfjjdjg 0
147
impl sfdgggfe 1
impl sebbaaif 0
148
impl sdcgjcbf 1
impl sdjaeafb 1
149
impl sfdgggfe 1
impl sgeihiic 0
150
impl sbfahjej 0
impl secafejg 1
impl sjecbaeh 0
151
impl secghiej 0
impl scgjjhbh 0
152
impl sddbejje 1
impl secgbdah 0
153
impl sgfbafdh 1
impl segcagid 0
154
impl sddbejje 0
impl sjhiedfb 0
155
impl shfdhehd 1
impl sejjjdhh 1
156
impl shacfcbd 1
impl sgijcebi 1
157
impl sgeihiic 1
impl scbgehaj 1
158
impl sgfeaeej 1
impl scgjjhbh 0
159
impl sjgbcffd 0
impl seicdjjf 0
160
impl sdejfiie 0
impl secgbdah 1
161
impl scbgehaj 0
impl sdejfiie 1
162
impl scfeajd 0
impl sfgefcfh 0
163
impl secgbdah 0
impl sfgefcfh 1
impl sibjccge 1
164
impl sbcbhiaa 0
impl shghjbi 1
165
impl sdejfiie 0
impl sjbccicc 1
166
impl sihbfedi 0
impl scgjjhbh 1
impl sejcbdfe 0
167
impl sccihe 1
impl sdeechcc 0
168
impl sbcjiie 1
impl sdcgjcbf 1
impl sjjcccia 1
169
impl sgfeaeej 0
impl sjeijjdf 0
170
impl sgeaicfb 1
impl shgbegij 0
171
impl shicfiag 0
impl sgeihiic 0
172
impl sebbaaif 1
impl seeecgii 0
173
impl sjbccicc 0
impl seebgedb 0
174
impl sbibhdeh 0
impl sejjjdhh 0
175
impl sgeihiic 1
impl secghiej 1
176
impl sdejfiie 0
impl sfifhbfe 1
177
impl sbfahjej 0
impl siicjdcg 0
178
impl shddfeih 0
impl shicfiag 1
179
impl sgbjjahf 1
impl scjighfg 0
180
impl sddbejje 1
impl segghbga 0
181
impl siicjdcg 1
impl sibebcbb 1
182
impl secghiej 1
impl secafejg 1
183
impl siicjdcg 0
impl sjcbhigg 1
184
impl scjgafg 1
impl sehbaiga 1
185
impl sidcbdcg 1
impl sjcbhigg 0
186
impl sebbaaif 1
impl sebbaaif 0
impl sgbfdcdc 0
187
impl sdcgjcbf 0
impl sibebcbb 0
188
impl sjhiedfb 0
impl sejjjdhh 0
189
impl sdejfiie 1
impl sdaeabdf 1
190
impl sdggidfg 1
impl segcagid 1
191
impl shhejdab 0
impl sdejfiie 1
192
impl shgbegij 0
impl sbcdadcj 0
193
impl scfjjdjg 1
impl seacajee 0
194
impl sbibhdeh 0
impl sdfehjjh 0
195
impl sehbaiga 1
impl scgjjhbh 0
196
impl seafeafb 0
impl sdaeabdf 0
197
impl sgfaddad 1
impl sgeihiic 1
198
impl sjecbaeh 0
impl shgbegij 1
199
impl seicdjjf 0
impl sebijjdf 0
200
impl scbgehaj 0
impl sjjcccia 0
201
impl sgijcebi 0
impl sibjccge 1
202
impl sjhiedfb 0
impl seebgedb 0
203
impl sbcjiie 0
impl sjbccicc 1
204
impl shacfcbd 1
impl sjhfebca 0
205
impl sdggidfg 1
impl sbibhdeh 1
206
impl sibjccge 1
impl sehbaiga 0
207
impl sgijcebi 0
impl sdehjghc 0
208
impl shicfiag 1
impl sighiagc 0
209
impl sbfahjej 1
impl secgbdah 0
210
impl scdbgfjf 0
impl sheegbcg 1
211
impl scgjjhbh 0
impl sdfehjjh 0
212
impl secfjgaa 0
impl scfeajd 0
213
impl sdeechcc 1
impl sjecbaeh 1
214
impl siicjdcg 1
impl sdcgjcbf 1
215
impl siicjdcg 1
impl sdaeabdf 0
216
impl sdejfiie 0
impl sebijjdf 1
217
impl sgfbafdh 0
impl siaejggb 0
218
impl sbfahjej 1
impl sbcbhiaa 0
219
impl siabdjfc 0
impl sdfehjjh 1
220
impl shghjbi 1
impl shddfeih 0
221
impl sfifhbfe 0
impl scfeajd 0
222
impl sjeijjdf 1
impl sbjejgjj 1
223
impl seacajee 0
impl scicgaji 0
224
impl sibjccge 1
impl sjhfebca 0
225
impl sgfbafdh 1
impl sjhiedfb 0
226
impl sbcdadcj 1
impl sheegbcg 1
227
impl seeecgii 0
impl sgcfbd 0
228
impl sjecbaeh 0
impl sjhfebca 1
229
impl sehbaiga 1
impl sjjcccia 1
230
impl shgjcdec 0
impl scbheecj 0
231
impl sgeaicfb 0
impl sbcbhiaa 1
232
impl sjhiedfb 1
impl sbibhdeh 0
233
impl scfjjdjg 1
impl sgbfdcdc 0
234
impl sebijjdf 1
impl sigjbbj 0
235
impl sehbaiga 0
impl shbjhaeh 0
236
impl sbjejgjj 1
impl sfacfggi 0
237
impl sbcjiie 0
impl sdehjghc 1
238
impl shbjhaeh 0
impl segghbga 1
239
impl scjajghj 1
impl sdggidfg 1
240
impl sfacfggi 0
impl sejjjdhh 1
241
impl sfgefcfh 1
impl segghbga 0
242
impl shhejdab 0
impl sbbcchfb 1
243
impl sheegbcg 1
impl sdfehjjh 0
244
impl scbgehaj 1
impl scjighfg 1
245
impl scjajghj 0
impl sdcgjcbf 1
246
impl sgjcibef 1
impl sgffhfgb 1
247
impl secafejg 1
impl sjcbhigg 0
248
impl sgbbdeii 0
impl sdjaeafb 1
249
impl sjhfebca 1
impl scgjjhbh 1
250
impl segghbga 1
impl sjgbcffd 1
251
impl scicgaji 1
impl siabdjfc 0
252
impl sgijcebi 1
impl sgjcibef 0
253
impl shbjhaeh 0
impl sbbciefa 1
254
impl sbfahjej 1
impl sjbccicc 0
255
impl scdbgfjf 0
impl sbcbhiaa 1
256
impl sgbfdcdc 0
impl segcagid 0
257
impl scgjjhbh 0
impl sgeaicfb 1
258
impl sjecbaeh 0
impl sgfaddad 1
259
impl sejjjdhh 0
impl sccihe 0
260
impl sbbcchfb 1
impl scbheecj 1
261
impl sjjcccia 1
impl sdehjghc 0
262
impl shddfeih 0
impl sjecbaeh 1
263
impl scjgafg 1
impl sdaeabdf 1
264
impl sejjjdhh 0
impl shgbegij 0
265
impl sfacfggi 1
impl sidcbdcg 1
266
impl sfgiigee 0
impl sbibhdeh 0
267
impl sddbejje 1
impl scafbfej 1
268
impl sjcbhigg 0
impl sgbbdeii 0
269
impl sgeaicfb 0
impl sgbfdcdc 1
270
impl segghbga 0
impl sgbjjahf 1
271
impl sidcbdcg 0
impl sbcbhiaa 1
272
impl sjcbhigg 1
impl sjcbhigg 0
273
impl seeecgii 0
impl sgdhijej 1
274
impl shfdhehd 1
impl sibajfgd 1
275
impl sjhiedfb 0
impl secghiej 1
276
impl sheegbcg 0
impl sjecbaeh 0
277
impl segghbga 0
impl sgbjjahf 0
278
impl sdcgjcbf 0
impl sbjafeib 0
279
impl sfdgggfe 0
impl sdejfiie 1
280
impl shgjcdec 1
impl segghbga 0
281
impl sbfahjej 1
impl sejcbdfe 0
282
impl sjecbaeh 1
impl scfjjdjg 1
283
impl sbcjiie 0
impl sgijcebi 0
284
impl scicgaji 1
impl sidcbdcg 1
285
impl sdehjghc 0
impl sehbaiga 1
286
impl sieafdid 1
impl seefabdg 0
287
impl shddfeih 1
impl sgbfdcdc 1
288
impl scjighfg 1
impl sedefdjc 1
289
impl sebbaaif 0
impl sjhiedfb 0
290
impl shbjhaeh 1
impl siaejggb 1
291
impl sfdgggfe 0
impl sejcbdfe 1
292
impl sjecbaeh 0
impl sdaeabdf 1
293
impl siaejggb 1
impl scibehej 1
294
impl sehbaiga 0
impl sddbejje 1
295
impl scjajghj 0
impl sjeijjdf 1
296
impl sgijcebi 1
impl sighiagc 0
297
impl sccihe 0
impl sjhiedfb 0
298
impl sjcbhigg 0
impl scjajghj 1
299
impl sbcadbij 0
impl sgbbdeii 0
300
impl sbfahjej 1
impl sidcbdcg 1
301
impl sfgefcfh 1
impl sheegbcg 1
302
impl sdejfiie 1
impl sddbejje 1
303
impl sddbejje 1
impl sgcfbd 0
304
impl sgfaddad 0
impl sheegbcg 1
305
impl sieafdid 0
impl sdaeabdf 1
306
impl sibebcbb 1
impl sccihe 0
307
impl sbbciefa 0
impl sibjccge 0
308
impl sfgiigee 0
impl sehbaiga 0
309
impl sbfahjej 0
impl scibehej 1
310
impl sdggidfg 1
impl sjjcccia 1
311
impl scgjjhbh 1
impl sbbciefa 1
312
impl scjighfg 1
impl sjeijjdf 0
313
impl seebgedb 1
impl sjecbaeh 1
314
impl sgijcebi 0
impl sgfbafdh 1
315
impl scjighfg 1
impl scbheecj 0
316
impl sgdhijej 1
impl sejjjdhh 1
317
impl shghjbi 1
impl sgeaicfb 1
318
impl sebijjdf 1
impl sddbejje 1
319
impl sbjejgjj 0
impl sgbbdeii 1
320
impl sibebcbb 1
impl sjecbaeh 0
321
impl sccihe 0
impl sbbciefa 0
322
impl sjeijjdf 0
impl siabdjfc 0
323
impl sidcbdcg 1
impl shgjcdec 0
324
impl sdehjghc 0
impl seebgedb 1
325
impl scjighfg 1
impl siaejggb 1
326
impl scjgafg 1
impl sihaaddd 0
327
impl sbcbhiaa 0
impl sdaeabdf 1
328
impl sfgefcfh 1
impl scgjjhbh 1
329
impl sfdgggfe 1
impl sgbfdcdc 0
330
impl sgfeaeej 0
impl sgijcebi 0
331
impl sdjaeafb 0
impl sgdhijej 0
332
impl scjighfg 0
impl sjhfebca 0
333
impl sbbcchfb 0
impl sgfeaeej 1
334
impl sfgiigee 1
impl sebijjdf 1
335
impl sebbaaif 0
impl seicdjjf 0
336
impl sedefdjc 1
impl segcagid 1
337
impl sfgiigee 1
impl sbjejgjj 1
338
impl sgeihiic 1
impl sdejfiie 0
339
impl sibajfgd 0
impl scibehej 0
340
impl seicdjjf 1
impl sbbciefa 0
341
impl seebgedb 0
impl scgjjhbh 0
342
impl sibajfgd 1
impl sbfahjej 0
343
impl sjecbaeh 0
impl scfeajd 1
344
impl sgfaddad 1
impl sdeechcc 0
345
impl sdjaeafb 1
impl siaejggb 0
346
impl shicfiag 0
impl sbibhdeh 0
347
impl sejcbdfe 1
impl sgfeaeej 1
348
impl sebijjdf 1
impl sddbejje 0
349
impl sddbejje 1
impl sihaaddd 0
350
impl sehbaiga 1
impl sigjbbj 0
351
impl scgjjhbh 0
impl scdbgfjf 0
352
impl sjecbaeh 1
impl sgfbafdh 0
353
impl sdaeabdf 1
impl sgbjjahf 0
354
impl seeecgii 0
impl sgfeaeej 1
355
impl sbciihba 1
impl sedefdjc 1
356
impl sieafdid 1
impl sdehjghc 1
357
impl sbfahjej 0
impl sejjjdhh 1
358
impl sbfahjej 1
impl sejjjdhh 1
359
impl shbjhaeh 1
impl sidcbdcg 1
360
impl sgbjjahf 0
impl shgjcdec 1
361
impl sejcjbjf 1
impl sjbccicc 1
362
impl sieafdid 1
impl sibebcbb 1
363
impl scbheecj 0
impl sgfbafdh 1
364
impl sdjaeafb 0
impl sgffhfgb 0
365
impl sbbcchfb 0
impl sgcfbd 1
366
impl sihbfedi 1
impl sgbfdcdc 0
367
impl sgfaddad 0
impl shgjcdec 1
368
impl scdbgfjf 0
impl siicjdcg 1
369
impl seeecgii 1
impl sgeaicfb 1
370
impl sjhiedfb 0
impl sidcbdcg 0
371
impl sjcbhigg 1
impl shfdhehd 0
372
impl sdjaeafb 0
impl sgeihiic 1
373
impl seicdjjf 0
impl sdfehjjh 1
374
impl sbciihba 1
impl seebgedb 0
375
impl sgeihiic 1
impl scafbfej 0
376
impl segcagid 0
impl seeecgii 0
377
impl sgbbdeii 0
impl seacajee 1
378
impl sjhiedfb 0
impl secghiej 1
379
impl scjighfg 1
impl sgfbafdh 1
380
impl sfgiigee 1
impl sihaaddd 1
381
impl sehbaiga 1
impl shhejdab 1
382
impl sdcgjcbf 0
impl sdcgjcbf 0
383
impl sjhfebca 1
impl seebgedb 0
384
impl sjhfebca 0
impl sfifhbfe 0
385
impl scibehej 0
impl siaejggb 1
386
impl sjhiedfb 0
impl sebijjdf 1
387
impl sbfahjej 0
impl seafeafb 1
388
impl sgdhijej 0
impl sbjafeib 1
389
impl sfifhbfe 1
impl sbcjiie 0
390
impl seebgedb 0
impl sgfeaeej 0
391
impl shgbegij 0
impl sbcadbij 1
392
impl sgbfdcdc 0
impl shgjcdec 0
393
impl shicfiag 0
impl seicdjjf 1
394
impl sbibhdeh 0
impl shicfiag 1
395
impl sibebcbb 0
impl sfgefcfh 1
396
impl sdejfiie 1
impl shddfeih 0
397
impl sejcbdfe 1
impl sheegbcg 1
398
impl sfacfggi 0
impl sjhiedfb 1
399
impl secfjgaa 0
impl shddfeih 1
400
impl scafbfej 0
impl sdggidfg 1
401
impl sjcbhigg 1
impl sigjbbj 1
402
impl sihaaddd 1
impl sidcbdcg 1
403
impl sfifhbfe 0
impl sjhfebca 0
404
impl seicdjjf 1
impl scibehej 0
405
impl sibjccge 1
impl secfjgaa 0
406
impl sfdgggfe 0
impl seefabdg 1
407
impl secgbdah 1
impl sihbfedi 0
408
impl sebijjdf 1
impl sihbfedi 0
409
impl sgfbafdh 0
impl sbfahjej 0
410
impl seicdjjf 0
impl sigjbbj 1
411
impl sgeihiic 0
impl siicjdcg 1
412
impl sehbaiga 0
impl scbheecj 1
413
impl sbibhdeh 1
impl sdfehjjh 0
414
impl shghjbi 0
impl sjecbaeh 1
415
impl sbcdadcj 1
impl sjbccicc 1
416
impl sdfehjjh 1
impl sbibhdeh 1
417
impl sibajfgd 0
impl sdaeabdf 1
418
impl shddfeih 1
impl sjhfebca 1
419
impl sfgefcfh 1
impl segghbga 1
420
impl sejjjdhh 1
impl sjjcccia 0
421
impl sfacfggi 0
impl sgfeaeej 0
422
impl sjgbcffd 0
impl seefabdg 0
423
impl scafbfej 0
impl sgdhijej 1
424
impl sgbbdeii 1
impl sigjbbj 0
425
impl sbciihba 0
impl sddbejje 1
426
impl siicjdcg 1
impl scjighfg 1
427
impl shgjcdec 0
impl sigjbbj 0
428
impl shicfiag 1
impl siaejggb 0
429
impl siicjdcg 1
impl sidcbdcg 0
430
impl scbheecj 1
impl sjhiedfb 1
431
impl scdbgfjf 1
impl sgijcebi 0
432
impl sbjejgjj 0
impl sdfehjjh 0
433
impl scbgehaj 0
impl sbcjiie 0
434
impl sieafdid 1
impl sibajfgd 1
435
impl sdeechcc 1
impl shfdhehd 1
436
impl sfgiigee 0
impl secafejg 0
437
impl shfdhehd 0
impl sdjaeafb 0
438
impl secfjgaa 1
impl shicfiag 0
439
impl scjgafg 0
impl sjeijjdf 0
440
impl scjgafg 0
impl sibajfgd 1
441
impl secgbdah 1
impl sbcadbij 0
442
impl shgbegij 1
impl siaejggb 0
443
impl sihbfedi 1
impl sjecbaeh 0
444
impl siaejggb 1
impl sbjafeib 1
445
impl sibjccge 0
impl sfifhbfe 1
446
impl siicjdcg 1
impl segghbga 0
447
impl seefabdg 1
impl sbbcchfb 1
448
impl seacajee 1
impl sgjcibef 0
449
impl siaejggb 1
impl shbjhaeh 1
450
impl sbjafeib 0
impl sdehjghc 0
451
impl sheegbcg 0
impl scbheecj 0
452
impl sdehjghc 0
impl sdeechcc 0
453
impl sddbejje 1
impl scibehej 1
454
impl sjhiedfb 0
impl sehbaiga 0
455
impl sgcfbd 1
impl sfdgggfe 0
456
impl shddfeih 1
impl sdejfiie 0
457
impl sheegbcg 0
impl sdeechcc 0
458
impl sgeihiic 1
impl sejcbdfe 0
459
impl sgbjjahf 0
impl sbbcchfb 1
460
impl sheegbcg 0
impl scjighfg 1
461
impl sibebcbb 0
impl sibajfgd 0
462
impl sgfeaeej 0
impl scicgaji 0
463
impl sbjafeib 0
impl scjighfg 0
464
impl sbcdadcj 0
impl segcagid 1
465
impl siaejggb 0
impl seafeafb 1
466
impl siabdjfc 1
impl secghiej 0
467
impl sigjbbj 0
impl seeecgii 0
468
impl seefabdg 1
impl shfdhehd 1
469
impl sjgbcffd 1
impl scgjjhbh 0
470
impl sjjcccia 1
impl scdbgfjf 1
471
impl sccihe 0
impl sbjejgjj 1
472
impl sgffhfgb 1
impl sidcbdcg 0
473
impl sbcbhiaa 1
impl sfgefcfh 0
474
impl secfjgaa 1
impl shddfeih 0
475
impl siaejggb 1
impl sebbaaif 1
476
impl scbheecj 1
impl sgfeaeej 1
477
impl sdeechcc 1
impl sbcbhiaa 1
478
impl sihbfedi 1
impl segcagid 1
479
impl sbjafeib 1
impl shgbegij 1
480
impl sbcdadcj 0
impl sgbfdcdc 0
481
impl sigjbbj 1
impl shhejdab 1
482
impl segghbga 0
impl scjajghj 0
483
impl sgeihiic 0
impl segghbga 0
484
impl sccihe 0
impl scicgaji 0
485
impl sfgiigee 0
impl scicgaji 1
486
impl seacajee 0
impl sbjafeib 0
487
impl sbibhdeh 1
impl sdeechcc 1
488
impl sbjafeib 0
impl sfgiigee 1
489
impl sfdgggfe 1
impl sccihe 1
490
impl sbibhdeh 0
impl shicfiag 1
491
impl sdejfiie 1
impl seacajee 0
492
impl seebgedb 1
impl scfjjdjg 0
493
impl sgeaicfb 0
impl shbjhaeh 0
494
impl sjecbaeh 0
impl shddfeih 0
495
impl sjcbhigg 1
impl sfacfggi 1
496
impl sdeechcc 1
impl sgfeaeej 1
497
impl sedefdjc 0
impl sjjcccia 1
498
impl scbheecj 1
impl sdcgjcbf 0
499
impl sgfbafdh 0
impl sbcbhiaa 0
500
impl sedefdjc 0
impl sehbaiga 1
501
impl sejcbdfe 1
impl sgdhijej 1
502
impl sebbaaif 0
impl sdejfiie 1
503
impl sedefdjc 1
impl secghiej 0
504
impl sdejfiie 1
impl sjhfebca 1
505
impl sbcdadcj 0
impl seeecgii 1
506
impl sehbaiga 1
impl scgjjhbh 0
507
impl sjecbaeh 1
impl sfgiigee 0
508
impl seebgedb 0
impl shddfeih 0
509
impl sebbaaif 1
impl sgfaddad 0
510
impl sjhfebca 0
impl sbcjiie 0
511
impl sdehjghc 0
impl sidcbdcg 1
512
impl shgjcdec 0
impl sibebcbb 0
513
impl siabdjfc 1
impl sbibhdeh 1
514
impl sgjcibef 1
impl sdcgjcbf 1
515
impl sgbfdcdc 0
impl seafeafb 1
516
impl sehbaiga 1
impl sihaaddd 0
517
impl sdeechcc 0
impl sejcjbjf 0
518
impl scjajghj 0
impl seafeafb 1
519
impl scafbfej 0
impl sdejfiie 1
520
impl segghbga 0
impl sfdgggfe 0
521
impl sibebcbb 0
impl sjcbhigg 1
522
impl scafbfej 1
impl sdjaeafb 0
523
impl sighiagc 0
impl scjajghj 0
524
impl sfifhbfe 1
impl sdeechcc 0
525
impl sjhiedfb 0
impl siabdjfc 0
526
impl sgcfbd 1
impl shhejdab 0
527
impl sighiagc 0
impl sjecbaeh 0
528
impl sdaeabdf 1
impl scbgehaj 1
529
impl sebijjdf 0
impl secgbdah 1
530
impl secghiej 1
impl scbheecj 1
531
impl scfeajd 1
impl sbbcchfb 0
532
impl shacfcbd 0
impl sighiagc 0
533
impl scbgehaj 0
impl sjcbhigg 0
534
impl sgfaddad 0
impl sdfehjjh 0
535
impl sieafdid 1
impl secfjgaa 0
536
impl sdjaeafb 0
impl seacajee 0
537
impl scfjjdjg 1
impl sdjaeafb 1
538
impl sdggidfg 1
impl sfdgggfe 0
539
impl sdeechcc 0
impl sejjjdhh 0
540
impl scbheecj 0
impl sibajfgd 0
541
impl sfdgggfe 1
impl seacajee 0
542
impl sgfbafdh 1
impl scibehej 1
543
impl sehbaiga 0
impl sdeechcc 0
544
impl sjhfebca 0
impl sibajfgd 0
545
impl scafbfej 0
impl scbheecj 1
546
impl secfjgaa 1
impl sgffhfgb 1
547
impl scfeajd 0
impl sdaeabdf 1
548
impl secafejg 0
impl sgfbafdh 0
549
impl sebijjdf 0
impl scjighfg 0
550
impl sigjbbj 1
impl scdbgfjf 1
551
impl sjhfebca 0
impl sgfbafdh 0
552
impl sjecbaeh 0
impl scbgehaj 0
553
impl siabdjfc 1
impl sfacfggi 0
554
impl sbcdadcj 1
impl sfdgggfe 1
555
impl sedefdjc 1
impl shacfcbd 0
556
impl sgbjjahf 0
impl sjeijjdf 0
557
impl sdcgjcbf 1
impl sieafdid 0
558
impl sibebcbb 1
impl sjeijjdf 0
559
impl shhejdab 1
impl sgfaddad 1
560
impl scfjjdjg 0
impl siabdjfc 0
561
impl secafejg 1
impl seafeafb 1
562
impl sdehjghc 0
impl scibehej 0
563
impl secafejg 1
impl sheegbcg 1
564
impl sdaeabdf 1
impl seefabdg 1
565
impl sdggidfg 1
impl scfeajd 0
566
impl scafbfej 0
impl scgjjhbh 0
567
impl sbbciefa 0
impl sehbaiga 1
568
impl shicfiag 1
impl sgeihiic 1
569
impl sfifhbfe 0
impl sbfahjej 1
570
impl sgcfbd 0
impl sgjcibef 0
571
impl sjhfebca 0
impl seefabdg 0
572
impl sfgiigee 1
impl scgjjhbh 1
573
impl sbfahjej 1
impl sjecbaeh 1
574
impl seefabdg 1
impl seeecgii 0
575
impl scbgehaj 1
impl seefabdg 0
576
impl sbcbhiaa 1
impl seebgedb 1
577
impl sgeaicfb 1
impl seebgedb 0
578
impl shgjcdec 1
impl sebbaaif 0
579
impl sgfeaeej 0
impl sighiagc 0
580
impl sdcgjcbf 1
impl shacfcbd 1
581
impl sgjcibef 0
impl scdbgfjf 0
582
impl sheegbcg 0
impl siaejggb 1
583
impl sjjcccia 0
impl sfgiigee 0
584
impl sibjccge 0
impl scafbfej 1
585
impl sbbciefa 1
impl sebijjdf 1
586
impl sgfbafdh 0
impl sbjejgjj 0
587
impl sgfeaeej 0
impl sejjjdhh 1
588
impl sejjjdhh 1
impl sdcgjcbf 1
589
impl seicdjjf 0
impl sjcbhigg 1
590
impl sjhiedfb 1
impl sbfahjej 1
591
impl sejcjbjf 0
impl sbcdadcj 0
592
impl secafejg 0
impl sbjejgjj 1
593
impl shgbegij 0
impl sdeechcc 1
594
impl sccihe 1
impl seafeafb 0
595
impl sbcjiie 0
impl seebgedb 0
596
impl sbjejgjj 0
impl sejjjdhh 1
597
impl sdaeabdf 1
impl sgjcibef 1
598
impl siabdjfc 0
impl sbjejgjj 1
599
impl sibajfgd 1
impl scgjjhbh 1
600
impl sbibhdeh 1
impl scafbfej 0
601
impl shfdhehd 0
impl sdeechcc 0
602
impl sjbccicc 1
impl sjhfebca 0
603
impl sihaaddd 0
impl shicfiag 0
604
impl sibebcbb 0
impl shhejdab 1
605
impl sjhfebca 0
impl sjjcccia 1
606
impl shgjcdec 1
impl sfifhbfe 1
607
impl shfdhehd 0
impl sebijjdf 0
608
impl shddfeih 1
impl secfjgaa 1
609
impl shgjcdec 1
impl scicgaji 1
610
impl sibebcbb 1
impl sdfehjjh 1
611
impl sgbbdeii 1
impl sddbejje 0
612
impl scbgehaj 0
impl sdeechcc 1
613
impl sjgbcffd 1
impl scjighfg 0
614
impl sdjaeafb 0
impl seeecgii 1
615
impl sdeechcc 0
impl seafeafb 0
616
impl segcagid 0
impl shddfeih 0
617
impl sdfehjjh 0
impl sigjbbj 1
618
impl sgijcebi 0
impl sejcbdfe 0
619
impl sdcgjcbf 1
impl sigjbbj 0
620
impl shacfcbd 1
impl sgbjjahf 1
621
impl shgjcdec 0
impl sgbbdeii 1
622
impl segghbga 0
impl sgeihiic 1
623
impl sheegbcg 0
impl sjbccicc 0
624
impl sidcbdcg 1
impl shbjhaeh 1
625
impl scfjjdjg 0
impl scbheecj 0
626
impl sehbaiga 1
impl sbibhdeh 0
627
impl siicjdcg 1
impl sgfeaeej 0
628
impl sgeihiic 1
impl sibajfgd 1
629
impl sibajfgd 0
impl sgeihiic 0
630
impl shfdhehd 0
impl sibjccge 1
631
impl shacfcbd 1
impl sgcfbd 0
632
impl seicdjjf 0
impl scbheecj 1
633
impl sbcjiie 0
impl sdehjghc 1
634
impl siaejggb 1
impl scafbfej 0
635
impl sbcdadcj 0
impl shgbegij 0
636
impl shgbegij 0
impl sjgbcffd 0
637
impl sjcbhigg 1
impl sfgefcfh 1
638
impl scdbgfjf 0
impl sgeihiic 1
639
impl sfgiigee 1
impl sdjaeafb 1
640
impl scgjjhbh 1
impl seacajee 1
641
impl shhejdab 0
impl scbheecj 1
642
impl sieafdid 1
impl sbciihba 0
643
impl sbciihba 1
impl sgcfbd 0
644
impl sbcbhiaa 0
impl sihbfedi 1
645
impl shbjhaeh 1
impl shacfcbd 0
646
impl segcagid 1
impl seafeafb 0
647
impl sdggidfg 1
impl sihbfedi 1
648
impl sgfeaeej 1
impl sgbjjahf 0
649
impl secfjgaa 0
impl sdjaeafb 0
650
impl scgjjhbh 1
impl sdejfiie 1
651
impl sdjaeafb 1
impl sieafdid 1
652
impl sjcbhigg 1
impl sejcjbjf 1
653
impl sdehjghc 0
impl sdejfiie 0
654
impl sddbejje 1
impl sgffhfgb 0
655
impl shgjcdec 1
impl sigjbbj 0
656
impl sejcbdfe 1
impl sjgbcffd 0
657
impl sbfahjej 0
impl sbciihba 0
658
impl scfeajd 0
impl sjeijjdf 0
659
impl sjbccicc 0
impl sebbaaif 0
660
impl sdcgjcbf 1
impl sjgbcffd 1
661
impl sejcbdfe 0
impl sfacfggi 1
662
impl sdeechcc 1
impl siicjdcg 0
663
impl scbgehaj 0
impl shddfeih 0
664
impl sihaaddd 0
impl secafejg 1
665
impl seefabdg 1
impl scfeajd 0
666
impl sibjccge 1
impl shbjhaeh 0
667
impl sgbbdeii 0
impl sjjcccia 0
668
impl sjgbcffd 1
impl siicjdcg 1
669
impl sjcbhigg 1
impl shgjcdec 1
670
impl shbjhaeh 1
impl siabdjfc 0
671
impl sbcdadcj 0
impl sgeihiic 1
672
impl sjhfebca 0
impl scafbfej 0
673
impl sddbejje 1
impl sgcfbd 1
674
impl sdejfiie 0
impl segcagid 1
675
impl scbheecj 0
impl sgcfbd 0
676
impl sejjjdhh 0
impl shhejdab 0
677
impl secgbdah 0
impl sbcbhiaa 1
678
impl sjhfebca 0
impl scdbgfjf 0
679
impl sbcbhiaa 1
impl secgbdah 1
680
impl sihbfedi 0
impl sidcbdcg 0
681
impl seeecgii 0
impl shhejdab 0
682
impl shicfiag 1
impl sjbccicc 1
683
impl sgbbdeii 1
impl sgijcebi 0
684
impl sihaaddd 1
impl scicgaji 0
685
impl sighiagc 1
impl sejcbdfe 0
686
impl sgbbdeii 1
impl scbgehaj 1
687
impl sibjccge 0
impl seefabdg 1
688
impl secghiej 0
impl sibajfgd 0
689
impl seeecgii 0
impl sfacfggi 0
690
impl sdfehjjh 0
impl sehbaiga 0
691
impl sbjejgjj 1
impl sjhfebca 0
692
impl sgbfdcdc 0
impl sgcfbd 0
693
impl sdejfiie 0
impl scbgehaj 1
694
impl sgbbdeii 0
impl sdaeabdf 1
695
impl scgjjhbh 1
impl sighiagc 1
696
impl sfgiigee 1
impl sgbfdcdc 0
697
impl sbibhdeh 0
impl sjbccicc 0
698
impl sgfaddad 1
impl sjjcccia 1
699
impl sdejfiie 1
impl sgijcebi 0
700
impl sgfbafdh 0
impl sbbcchfb 0
701
impl sbcjiie 1
impl sjgbcffd 1
702
impl sebijjdf 1
impl sjhfebca 0
703
impl scbheecj 1
impl scjighfg 0
704
impl sbcdadcj 1
impl sbcbhiaa 0
705
impl scdbgfjf 1
impl siabdjfc 0
706
impl scdbgfjf 0
impl sigjbbj 0
707
impl sbibhdeh 1
impl shfdhehd 1
708
impl sigjbbj 0
impl sejcbdfe 0
709
impl scjajghj 0
impl sdjaeafb 0
710
impl shicfiag 1
impl sejjjdhh 1
711
impl sfgiigee 0
impl sfacfggi 1
712
impl sgfaddad 0
impl sigjbbj 0
713
impl shgjcdec 0
impl sejjjdhh 0
714
impl sdaeabdf 0
impl sjbccicc 1
715
impl segghbga 0
impl sehbaiga 1
716
impl seicdjjf 0
impl sdggidfg 1
717
impl segghbga 0
impl sbibhdeh 1
718
impl sgeaicfb 0
impl segghbga 0
719
impl scfeajd 0
impl sejcbdfe 1
720
impl shacfcbd 0
impl shhejdab 1
721
impl sbfahjej 1
impl secfjgaa 0
722
impl sgbfdcdc 0
impl shgjcdec 1
723
impl sbbcchfb 0
impl scjighfg 0
724
impl sgfaddad 1
impl sbbciefa 1
725
impl sibebcbb 0
impl sdaeabdf 0
726
impl shddfeih 1
impl sbfahjej 1
727
impl sgfaddad 1
impl sibajfgd 1
728
impl sbbciefa 0
impl sbfahjej 0
729
impl scafbfej 1
impl sfifhbfe 0
730
impl scicgaji 1
impl sfgiigee 0
731
impl seacajee 0
impl sihbfedi 1
732
impl sgfbafdh 1
impl sidcbdcg 0
733
impl sbjejgjj 0
impl segghbga 0
734
impl sgbbdeii 1
impl sebbaaif 0
735
impl segghbga 1
impl sddbejje 0
736
impl scfeajd 1
impl scjgafg 0
737
impl scbgehaj 1
impl sgffhfgb 0
738
impl sjhiedfb 0
impl shicfiag 1
739
impl scdbgfjf 1
impl seacajee 0
740
impl scjajghj 1
impl sbcbhiaa 1
741
impl scdbgfjf 1
impl sihaaddd 0
742
impl secghiej 0
impl sbcadbij 0
743
impl sighiagc 1
impl sgbfdcdc 1
744
impl sjhiedfb 0
impl sjecbaeh 0
745
impl scdbgfjf 1
impl scgjjhbh 0
746
impl sdcgjcbf 1
impl sibjccge 0
747
impl seacajee 1
impl sbcdadcj 0
748
impl secfjgaa 0
impl segghbga 1
749
impl shgbegij 0
impl sfacfggi 0
750
impl sgijcebi 1
impl siabdjfc 1
751
impl seacajee 1
impl sehbaiga 1
752
impl sddbejje 0
impl shgbegij 0
753
impl sfgefcfh 0
impl scbgehaj 0
754
impl sgffhfgb 1
impl sgijcebi 0
755
impl sehbaiga 0
impl sebijjdf 1
756
impl sigjbbj 0
impl sjeijjdf 1
757
impl scdbgfjf 1
impl shghjbi 1
758
impl siaejggb 0
impl sgdhijej 1
759
impl sgbfdcdc 1
impl sihbfedi 1
760
impl sdejfiie 0
impl siabdjfc 0
761
impl scdbgfjf 0
impl sibjccge 1
762
impl shicfiag 0
impl sbcjiie 1
763
impl shacfcbd 1
impl shghjbi 1
764
impl sibajfgd 1
impl sdaeabdf 1
765
impl sbfahjej 0
impl siabdjfc 0
766
impl sbcdadcj 0
impl secafejg 1
767
impl sgbbdeii 1
impl shbjhaeh 1
768
impl secgbdah 1
impl sjhfebca 0
769
impl sdjaeafb 0
impl secgbdah 0
770
impl shgbegij 1
impl sibjccge 1
771
impl scjighfg 1
impl sebijjdf 0
772
impl sedefdjc 0
impl sgdhijej 0
773
impl sjeijjdf 1
impl sbciihba 1
774
impl sjcbhigg 0
impl segcagid 1
775
impl sgeaicfb 0
impl siabdjfc 1
776
impl sgffhfgb 0
impl sdggidfg 1
777
impl sbcdadcj 0
impl sccihe 1
778
impl sebijjdf 1
impl secafejg 0
779
impl shgjcdec 0
impl shddfeih 0
780
impl sfdgggfe 0
impl sbcjiie 0
781
impl segcagid 1
impl sbcjiie 0
782
impl scjajghj 0
impl sebbaaif 1
783
impl shfdhehd 1
impl shhejdab 0
784
impl shacfcbd 1
impl seicdjjf 0
785
impl sdjaeafb 0
impl siicjdcg 1
786
impl sebbaaif 0
impl sgfeaeej 1
787
impl sieafdid 0
impl sjecbaeh 1
788
impl sbjejgjj 1
impl sdcgjcbf 0
789
impl sjecbaeh 1
impl scjajghj 1
790
impl sbbciefa 0
impl sbbcchfb 0
791
impl shddfeih 1
impl sjgbcffd 0
792
impl shgjcdec 1
impl scbgehaj 1
793
impl scjighfg 1
impl sddbejje 0
794
impl shddfeih 0
impl sgdhijej 0
795
impl sibajfgd 0
impl seeecgii 1
796
impl sbcdadcj 0
impl scfeajd 1
797
impl sgfbafdh 1
impl sejjjdhh 0
798
impl sfdgggfe 1
impl sigjbbj 0
799
impl scbgehaj 1
impl shddfeih 1
800
impl sbciihba 1
impl sibjccge 1
801
impl siicjdcg 0
impl sfacfggi 1
802
impl sibjccge 0
impl sgbjjahf 1
803
impl seicdjjf 0
impl seefabdg 1
804
impl shghjbi 1
impl sieafdid 1
805
impl sbbciefa 1
impl sbcjiie 0
806
impl sidcbdcg 0
impl scgjjhbh 0
807
impl sbcdadcj 1
impl sgbjjahf 0
808
impl sbcjiie 0
impl secghiej 0
809
impl shhejdab 0
impl sgbfdcdc 1
810
impl scfeajd 1
impl shicfiag 0
811
impl sibjccge 0
impl sjcbhigg 1
812
impl sgjcibef 0
impl sihbfedi 0
813
impl sidcbdcg 0
impl shgbegij 1
814
impl scibehej 0
impl siaejggb 0
815
impl sibajfgd 1
impl sejcbdfe 1
816
impl sgfaddad 0
impl sfacfggi 0
817
impl shbjhaeh 0
impl sgcfbd 0
818
impl sgijcebi 1
impl sfifhbfe 1
819
impl scafbfej 1
impl sibebcbb 0
820
impl scjgafg 0
impl sdjaeafb 1
821
impl sihaaddd 0
impl seafeafb 1
822
impl shgjcdec 0
impl sfdgggfe 1
823
impl sibjccge 1
impl sfifhbfe 1
824
impl shbjhaeh 0
impl sfgefcfh 0
825
impl shacfcbd 0
impl sdcgjcbf 1
826
impl sgjcibef 0
impl siicjdcg 1
827
impl sebbaaif 0
impl sdfehjjh 1
828
impl sgdhijej 0
impl scibehej 1
829
impl sddbejje 1
impl sjeijjdf 1
830
impl sihaaddd 1
impl sjbccicc 0
831
impl sccihe 0
impl sgfaddad 0
832
impl secafejg 1
impl scbheecj 0
833
impl sdjaeafb 0
impl sdcgjcbf 0
834
impl shhejdab 1
impl sihaaddd 1
835
impl sgfbafdh 1
impl scbgehaj 0
836
impl segghbga 1
impl sighiagc 0
837
impl seacajee 1
impl shhejdab 0
838
impl sfifhbfe 0
impl sebbaaif 0
839
impl scibehej 0
impl sbjafeib 0
840
impl scjgafg 1
impl sdggidfg 1
841
impl secgbdah 1
impl sjhfebca 0
842
impl sddbejje 0
impl sfgefcfh 1
843
impl sbfahjej 1
impl scafbfej 0
844
impl sbfahjej 1
impl shgjcdec 1
845
impl sdejfiie 0
impl scibehej 1
846
impl shghjbi 0
impl sdeechcc 1
847
impl sgeaicfb 1
impl sddbejje 1
848
impl shgbegij 0
impl sbciihba 1
849
impl shicfiag 0
impl sdfehjjh 1
850
impl sdggidfg 1
impl sgdhijej 1
851
impl scjajghj 0
impl sbciihba 0
852
impl shbjhaeh 0
impl seafeafb 0
853
impl sdeechcc 0
impl seacajee 1
854
impl sidcbdcg 0
impl sibajfgd 0
855
impl sbbciefa 1
impl sibebcbb 1
856
impl sdejfiie 1
impl scjgafg 0
857
impl sbcadbij 1
impl sbibhdeh 1
858
impl sbcbhiaa 1
impl seefabdg 0
859
impl sjbccicc 0
impl seafeafb 1
860
impl sibebcbb 1
impl seacajee 1
861
impl shacfcbd 0
impl sehbaiga 0
862
impl sbbciefa 0
impl sbcjiie 1
863
impl sgfbafdh 1
impl scibehej 1
864
impl sehbaiga 0
impl segcagid 0
865
impl sgdhijej 1
impl sdeechcc 0
866
impl sejcjbjf 0
impl scibehej 1
867
impl sgffhfgb 0
impl sbfahjej 0
868
impl scafbfej 0
impl sbibhdeh 0
869
impl seeecgii 0
impl sbcjiie 1
870
impl scibehej 0
impl sejjjdhh 0
871
impl sgijcebi 0
impl scafbfej 0
872
impl scgjjhbh 0
impl segghbga 1
873
impl shhejdab 0
impl sgbjjahf 0
874
impl seefabdg 0
impl scbheecj 0
875
impl sdcgjcbf 0
impl secgbdah 1
876
impl segghbga 0
impl sbjejgjj 1
877
impl scgjjhbh 0
impl scjighfg 0
878
impl sjbccicc 1
impl sjhfebca 0
879
impl secghiej 1
impl sidcbdcg 0
880
impl shacfcbd 0
impl sejcbdfe 0
881
impl sihbfedi 0
impl seafeafb 0
882
impl shacfcbd 1
impl sihaaddd 0
883
impl sgijcebi 1
impl sdaeabdf 0
884
impl sfifhbfe 1
impl scjgafg 1
885
impl secfjgaa 0
impl sjcbhigg 1
886
impl scafbfej 0
impl sdggidfg 0
887
impl scbheecj 1
impl scbgehaj 1
888
impl sgbbdeii 0
impl shddfeih 0
889
impl sgfeaeej 0
impl shicfiag 0
890
impl sidcbdcg 1
impl sedefdjc 1
891
impl secafejg 0
impl scicgaji 0
892
impl sgfeaeej 0
impl secfjgaa 0
893
impl sibjccge 0
impl sdehjghc 0
894
impl sdeechcc 0
impl sebbaaif 1
895
impl siaejggb 1
impl sebijjdf 0
896
impl scafbfej 0
impl seacajee 1
897
impl sjecbaeh 0
impl sidcbdcg 1
898
impl sehbaiga 1
impl sdehjghc 1
899
impl sbbciefa 1
impl shhejdab 1
900
impl scfjjdjg 1
impl sjhiedfb 0
901
impl sgcfbd 1
impl seeecgii 1
902
impl sbjejgjj 0
impl sibebcbb 0
903
impl sejcjbjf 1
impl scfeajd 1
904
impl sgbfdcdc 1
impl shfdhehd 0
905
impl sgeihiic 0
impl sbcjiie 0
906
impl sieafdid 1
impl sehbaiga 0
907
impl scibehej 0
impl sgbfdcdc 0
908
impl shhejdab 0
impl seicdjjf 0
909
impl sbcdadcj 1
impl seeecgii 1
910
impl sjeijjdf 0
impl seefabdg 1
911
impl sfifhbfe 1
impl sgfbafdh 0
912
impl sgbbdeii 0
impl sebijjdf 1
913
impl sbibhdeh 0
impl shgbegij 0
914
impl sbcjiie 1
impl shicfiag 0
915
impl shacfcbd 1
impl sbbciefa 1
916
impl shddfeih 0
impl siabdjfc 1
917
impl scjighfg 0
impl sejcjbjf 0
918
impl sdfehjjh 0
impl shicfiag 1
919
impl sighiagc 1
impl sddbejje 0
920
impl sedefdjc 1
impl sjhfebca 0
921
impl shghjbi 0
impl shddfeih 1
922
impl shddfeih 0
impl sfacfggi 1
923
impl shfdhehd 1
impl secgbdah 0
924
impl sgfaddad 1
impl scibehej 0
925
impl sgfbafdh 0
impl sjjcccia 0
926
impl shghjbi 1
impl sgdhijej 1
927
impl sbibhdeh 1
impl seebgedb 1
928
impl sjecbaeh 1
impl sebijjdf 0
929
impl sbbcchfb 0
impl sgeaicfb 1
930
impl sgbbdeii 0
impl sbcadbij 0
931
impl sdfehjjh 1
impl sdggidfg 1
932
impl sgeihiic 0
impl seacajee 0
933
impl sgcfbd 0
impl sheegbcg 1
934
impl sgjcibef 0
impl sbibhdeh 1
935
impl scjighfg 0
impl sigjbbj 1
936
impl sjeijjdf 1
impl sgfbafdh 0
937
impl sejjjdhh 0
impl sbcjiie 0
938
impl scjgafg 0
impl scgjjhbh 0
939
impl sbcbhiaa 0
impl sibjccge 1
940
impl shgjcdec 0
impl seafeafb 0
941
impl shghjbi 0
impl seebgedb 0
942
impl siicjdcg 0
impl sgfaddad 0
943
impl segcagid 1
impl scjighfg 1
944
impl scgjjhbh 1
impl sbcdadcj 1
945
impl sjjcccia 0
impl siicjdcg 0
946
impl sdfehjjh 0
impl shacfcbd 0
947
impl sfacfggi 1
impl sjgbcffd 1
948
impl sheegbcg 1
impl sgcfbd 1
949
impl seefabdg 0
impl siaejggb 0
950
impl sbcbhiaa 1
impl sejcbdfe 0
951
impl seafeafb 0
impl sebbaaif 0
952
impl seacajee 1
impl sgffhfgb 1
953
impl seicdjjf 1
impl sihbfedi 0
954
impl scjighfg 1
impl scgjjhbh 0
955
impl sgcfbd 1
impl sighiagc 0
956
impl sgffhfgb 0
impl sbbciefa 0
957
impl sdcgjcbf 1
impl scicgaji 0
958
impl sieafdid 1
impl sfacfggi 0
959
impl secghiej 0
impl sejjjdhh 0
960
impl shddfeih 0
impl sigjbbj 1
961
impl sdejfiie 0
impl siabdjfc 0
962
impl seefabdg 1
impl scdbgfjf 0
963
impl sheegbcg 1
impl sfgiigee 0
964
impl sjeijjdf 1
impl sbibhdeh 0
965
impl sdeechcc 1
impl sheegbcg 0
966
impl shddfeih 1
impl seebgedb 1
967
impl sehbaiga 1
impl sgfaddad 0
968
impl sbcadbij 0
impl sgbfdcdc 1
969
impl sjhfebca 0
impl sjbccicc 1
970
impl sgffhfgb 0
impl sgfeaeej 0
971
impl sbcdadcj 1
impl secafejg 0
972
impl sejcbdfe 0
impl sibajfgd 1
973
impl secafejg 0
impl sejjjdhh 1
974
impl sgffhfgb 1
impl shgjcdec 0
975
impl sejcbdfe 1
impl seeecgii 1
976
impl sibjccge 1
impl sdehjghc 1
977
impl sjhfebca 0
impl sfgefcfh 1
978
impl seafeafb 1
impl sbciihba 0
979
impl sfgefcfh 1
impl sgeihiic 0
980
impl secfjgaa 1
impl sjhfebca 0
981
impl segcagid 0
impl sgeihiic 0
982
impl sfacfggi 1
impl sebijjdf 1
983
impl sfgefcfh 0
impl sjcbhigg 0
984
impl sgeihiic 1
impl sejjjdhh 1
985
impl sbbciefa 1
impl sjjcccia 1
986
impl scgjjhbh 0
impl sibjccge 1
987
impl sfgiigee 1
impl sjbccicc 0
988
impl sbfahjej 0
impl sejcjbjf 1
989
impl sidcbdcg 1
impl scbgehaj 1
990
impl shacfcbd 1
impl secghiej 0
991
impl sbcdadcj 1
impl sighiagc 0
992
impl shhejdab 0
impl sgfeaeej 1
993
impl sbjejgjj 0
impl sfacfggi 0
994
impl seefabdg 0
impl segghbga 1
995
impl seicdjjf 0
impl sgfeaeej 1
996
impl sdejfiie 1
impl secgbdah 0
997
impl shfdhehd 1
impl shgbegij 0
998
impl sjcbhigg 1
impl sbjafeib 0
999
impl sgbjjahf 1
impl scjgafg 0
